[25-Mar-2026 11:09:40 UTC] WORKER consultar_notas acao=listar_bancos servidor=Servidor ERP - MySAAS host=mysaas.com.br porta=3306 filtro= dias=7
[25-Mar-2026 11:09:40 UTC] WORKER consultar_notas acao=listar_bancos servidor=Servidor ERP - Postos host=mysaas.com.br porta=3307 filtro= dias=7
[25-Mar-2026 11:09:41 UTC] WORKER consultar_notas acao=listar_bancos servidor=Servidor Pelanda - Escritorio host=10.8.0.30 porta=3306 filtro= dias=7
[25-Mar-2026 11:09:41 UTC] WORKER consultar_notas acao=listar_bancos servidor=Servidor Mahle - Posto host=10.8.0.195 porta=3306 filtro= dias=7
[25-Mar-2026 11:09:42 UTC] WORKER consultar_notas acao=consultar_banco servidor=Servidor ERP - MySAAS host=mysaas.com.br porta=3306 filtro= dias=7
[25-Mar-2026 11:09:42 UTC] WORKER consultar_notas acao=consultar_banco servidor=Servidor ERP - MySAAS host=mysaas.com.br porta=3306 filtro= dias=7
[25-Mar-2026 11:09:42 UTC] WORKER consultar_notas acao=consultar_banco servidor=Servidor ERP - MySAAS host=mysaas.com.br porta=3306 filtro= dias=7
[25-Mar-2026 11:09:42 UTC] WORKER consultar_notas acao=consultar_banco servidor=Servidor ERP - MySAAS host=mysaas.com.br porta=3306 filtro= dias=7
[25-Mar-2026 11:09:43 UTC] WORKER consultar_notas acao=consultar_banco servidor=Servidor ERP - MySAAS host=mysaas.com.br porta=3306 filtro= dias=7
[25-Mar-2026 11:09:43 UTC] WORKER consultar_notas acao=consultar_banco servidor=Servidor ERP - MySAAS host=mysaas.com.br porta=3306 filtro= dias=7
[25-Mar-2026 11:09:43 UTC] WORKER consultar_notas acao=consultar_banco servidor=Servidor ERP - MySAAS host=mysaas.com.br porta=3306 filtro= dias=7
[25-Mar-2026 11:09:43 UTC] WORKER consultar_notas acao=consultar_banco servidor=Servidor ERP - MySAAS host=mysaas.com.br porta=3306 filtro= dias=7
[25-Mar-2026 11:09:45 UTC] WORKER consultar_notas acao=consultar_banco servidor=Servidor ERP - MySAAS host=mysaas.com.br porta=3306 filtro= dias=7
[25-Mar-2026 11:09:45 UTC] WORKER consultar_notas acao=consultar_banco servidor=Servidor ERP - MySAAS host=mysaas.com.br porta=3306 filtro= dias=7
[25-Mar-2026 11:09:45 UTC] WORKER consultar_notas acao=consultar_banco servidor=Servidor ERP - MySAAS host=mysaas.com.br porta=3306 filtro= dias=7
[25-Mar-2026 11:09:45 UTC] WORKER consultar_notas acao=consultar_banco servidor=Servidor ERP - MySAAS host=mysaas.com.br porta=3306 filtro= dias=7
[25-Mar-2026 11:09:46 UTC] WORKER consultar_notas acao=consultar_banco servidor=Servidor ERP - MySAAS host=mysaas.com.br porta=3306 filtro= dias=7
[25-Mar-2026 11:09:46 UTC] WORKER consultar_notas acao=consultar_banco servidor=Servidor ERP - MySAAS host=mysaas.com.br porta=3306 filtro= dias=7
[25-Mar-2026 11:09:46 UTC] WORKER consultar_notas acao=consultar_banco servidor=Servidor ERP - MySAAS host=mysaas.com.br porta=3306 filtro= dias=7
[25-Mar-2026 11:09:46 UTC] WORKER consultar_notas acao=consultar_banco servidor=Servidor ERP - MySAAS host=mysaas.com.br porta=3306 filtro= dias=7
[25-Mar-2026 11:09:47 UTC] WORKER consultar_notas acao=consultar_banco servidor=Servidor ERP - MySAAS host=mysaas.com.br porta=3306 filtro= dias=7
[25-Mar-2026 11:09:47 UTC] WORKER consultar_notas acao=consultar_banco servidor=Servidor ERP - MySAAS host=mysaas.com.br porta=3306 filtro= dias=7
[25-Mar-2026 11:09:47 UTC] WORKER consultar_notas acao=consultar_banco servidor=Servidor ERP - MySAAS host=mysaas.com.br porta=3306 filtro= dias=7
[25-Mar-2026 11:09:48 UTC] WORKER consultar_notas acao=consultar_banco servidor=Servidor ERP - MySAAS host=mysaas.com.br porta=3306 filtro= dias=7
[25-Mar-2026 11:09:49 UTC] WORKER consultar_notas acao=consultar_banco servidor=Servidor ERP - MySAAS host=mysaas.com.br porta=3306 filtro= dias=7
[25-Mar-2026 11:09:49 UTC] WORKER consultar_notas acao=consultar_banco servidor=Servidor ERP - MySAAS host=mysaas.com.br porta=3306 filtro= dias=7
[25-Mar-2026 11:09:49 UTC] WORKER consultar_notas acao=consultar_banco servidor=Servidor ERP - MySAAS host=mysaas.com.br porta=3306 filtro= dias=7
[25-Mar-2026 11:09:49 UTC] WORKER consultar_notas acao=consultar_banco servidor=Servidor ERP - MySAAS host=mysaas.com.br porta=3306 filtro= dias=7
[25-Mar-2026 11:09:50 UTC] WORKER consultar_notas acao=consultar_banco servidor=Servidor ERP - MySAAS host=mysaas.com.br porta=3306 filtro= dias=7
[25-Mar-2026 11:09:50 UTC] WORKER consultar_notas acao=consultar_banco servidor=Servidor ERP - MySAAS host=mysaas.com.br porta=3306 filtro= dias=7
[25-Mar-2026 11:09:50 UTC] WORKER consultar_notas acao=consultar_banco servidor=Servidor ERP - MySAAS host=mysaas.com.br porta=3306 filtro= dias=7
[25-Mar-2026 11:09:50 UTC] WORKER consultar_notas acao=consultar_banco servidor=Servidor ERP - MySAAS host=mysaas.com.br porta=3306 filtro= dias=7
[25-Mar-2026 11:09:52 UTC] WORKER consultar_notas acao=consultar_banco servidor=Servidor ERP - MySAAS host=mysaas.com.br porta=3306 filtro= dias=7
[25-Mar-2026 11:09:52 UTC] WORKER consultar_notas acao=consultar_banco servidor=Servidor ERP - MySAAS host=mysaas.com.br porta=3306 filtro= dias=7
[25-Mar-2026 11:09:52 UTC] WORKER consultar_notas acao=consultar_banco servidor=Servidor ERP - MySAAS host=mysaas.com.br porta=3306 filtro= dias=7
[25-Mar-2026 11:09:52 UTC] WORKER consultar_notas acao=consultar_banco servidor=Servidor ERP - MySAAS host=mysaas.com.br porta=3306 filtro= dias=7
[25-Mar-2026 11:09:53 UTC] WORKER consultar_notas acao=consultar_banco servidor=Servidor ERP - MySAAS host=mysaas.com.br porta=3306 filtro= dias=7
[25-Mar-2026 11:09:53 UTC] WORKER consultar_notas acao=consultar_banco servidor=Servidor ERP - MySAAS host=mysaas.com.br porta=3306 filtro= dias=7
[25-Mar-2026 11:09:53 UTC] WORKER consultar_notas acao=consultar_banco servidor=Servidor ERP - MySAAS host=mysaas.com.br porta=3306 filtro= dias=7
[25-Mar-2026 11:09:53 UTC] WORKER consultar_notas acao=consultar_banco servidor=Servidor ERP - MySAAS host=mysaas.com.br porta=3306 filtro= dias=7
[25-Mar-2026 11:09:54 UTC] WORKER consultar_notas acao=consultar_banco servidor=Servidor ERP - MySAAS host=mysaas.com.br porta=3306 filtro= dias=7
[25-Mar-2026 11:09:54 UTC] WORKER consultar_notas acao=consultar_banco servidor=Servidor ERP - MySAAS host=mysaas.com.br porta=3306 filtro= dias=7
[25-Mar-2026 11:09:55 UTC] WORKER consultar_notas acao=consultar_banco servidor=Servidor ERP - MySAAS host=mysaas.com.br porta=3306 filtro= dias=7
[25-Mar-2026 11:09:55 UTC] WORKER consultar_notas acao=consultar_banco servidor=Servidor ERP - MySAAS host=mysaas.com.br porta=3306 filtro= dias=7
[25-Mar-2026 11:09:56 UTC] WORKER consultar_notas acao=consultar_banco servidor=Servidor ERP - MySAAS host=mysaas.com.br porta=3306 filtro= dias=7
[25-Mar-2026 11:09:56 UTC] WORKER consultar_notas acao=consultar_banco servidor=Servidor ERP - MySAAS host=mysaas.com.br porta=3306 filtro= dias=7
[25-Mar-2026 11:09:56 UTC] WORKER consultar_notas acao=consultar_banco servidor=Servidor ERP - MySAAS host=mysaas.com.br porta=3306 filtro= dias=7
[25-Mar-2026 11:09:56 UTC] WORKER consultar_notas acao=consultar_banco servidor=Servidor ERP - MySAAS host=mysaas.com.br porta=3306 filtro= dias=7
[25-Mar-2026 11:09:57 UTC] WORKER consultar_notas acao=consultar_banco servidor=Servidor ERP - MySAAS host=mysaas.com.br porta=3306 filtro= dias=7
[25-Mar-2026 11:09:57 UTC] WORKER consultar_notas acao=consultar_banco servidor=Servidor ERP - MySAAS host=mysaas.com.br porta=3306 filtro= dias=7
[25-Mar-2026 11:09:57 UTC] WORKER consultar_notas acao=consultar_banco servidor=Servidor ERP - MySAAS host=mysaas.com.br porta=3306 filtro= dias=7
[25-Mar-2026 11:09:57 UTC] WORKER consultar_notas acao=consultar_banco servidor=Servidor ERP - MySAAS host=mysaas.com.br porta=3306 filtro= dias=7
[25-Mar-2026 11:09:58 UTC] WORKER consultar_notas acao=consultar_banco servidor=Servidor ERP - MySAAS host=mysaas.com.br porta=3306 filtro= dias=7
[25-Mar-2026 11:09:59 UTC] WORKER consultar_notas acao=consultar_banco servidor=Servidor ERP - MySAAS host=mysaas.com.br porta=3306 filtro= dias=7
[25-Mar-2026 11:09:59 UTC] WORKER consultar_notas acao=consultar_banco servidor=Servidor ERP - MySAAS host=mysaas.com.br porta=3306 filtro= dias=7
[25-Mar-2026 11:09:59 UTC] WORKER consultar_notas acao=consultar_banco servidor=Servidor ERP - MySAAS host=mysaas.com.br porta=3306 filtro= dias=7
[25-Mar-2026 11:10:00 UTC] WORKER consultar_notas acao=consultar_banco servidor=Servidor ERP - MySAAS host=mysaas.com.br porta=3306 filtro= dias=7
[25-Mar-2026 11:10:00 UTC] WORKER consultar_notas acao=consultar_banco servidor=Servidor ERP - MySAAS host=mysaas.com.br porta=3306 filtro= dias=7
[25-Mar-2026 11:10:00 UTC] WORKER consultar_notas acao=consultar_banco servidor=Servidor ERP - MySAAS host=mysaas.com.br porta=3306 filtro= dias=7
[25-Mar-2026 11:10:00 UTC] WORKER consultar_notas acao=consultar_banco servidor=Servidor ERP - MySAAS host=mysaas.com.br porta=3306 filtro= dias=7
[25-Mar-2026 11:10:01 UTC] WORKER consultar_notas acao=consultar_banco servidor=Servidor ERP - MySAAS host=mysaas.com.br porta=3306 filtro= dias=7
[25-Mar-2026 11:10:01 UTC] WORKER consultar_notas acao=consultar_banco servidor=Servidor ERP - MySAAS host=mysaas.com.br porta=3306 filtro= dias=7
[25-Mar-2026 11:10:02 UTC] WORKER consultar_notas acao=consultar_banco servidor=Servidor ERP - MySAAS host=mysaas.com.br porta=3306 filtro= dias=7
[25-Mar-2026 11:10:02 UTC] WORKER consultar_notas acao=consultar_banco servidor=Servidor ERP - MySAAS host=mysaas.com.br porta=3306 filtro= dias=7
[25-Mar-2026 11:10:03 UTC] WORKER consultar_notas acao=consultar_banco servidor=Servidor ERP - MySAAS host=mysaas.com.br porta=3306 filtro= dias=7
[25-Mar-2026 11:10:03 UTC] WORKER consultar_notas acao=consultar_banco servidor=Servidor ERP - MySAAS host=mysaas.com.br porta=3306 filtro= dias=7
[25-Mar-2026 11:10:03 UTC] WORKER consultar_notas acao=consultar_banco servidor=Servidor ERP - MySAAS host=mysaas.com.br porta=3306 filtro= dias=7
[25-Mar-2026 11:10:03 UTC] WORKER consultar_notas acao=consultar_banco servidor=Servidor ERP - MySAAS host=mysaas.com.br porta=3306 filtro= dias=7
[25-Mar-2026 11:10:04 UTC] WORKER consultar_notas acao=consultar_banco servidor=Servidor ERP - MySAAS host=mysaas.com.br porta=3306 filtro= dias=7
[25-Mar-2026 11:10:04 UTC] WORKER consultar_notas acao=consultar_banco servidor=Servidor ERP - MySAAS host=mysaas.com.br porta=3306 filtro= dias=7
[25-Mar-2026 11:10:04 UTC] WORKER consultar_notas acao=consultar_banco servidor=Servidor ERP - MySAAS host=mysaas.com.br porta=3306 filtro= dias=7
[25-Mar-2026 11:10:04 UTC] WORKER consultar_notas acao=consultar_banco servidor=Servidor ERP - MySAAS host=mysaas.com.br porta=3306 filtro= dias=7
[25-Mar-2026 11:10:05 UTC] WORKER consultar_notas acao=consultar_banco servidor=Servidor ERP - MySAAS host=mysaas.com.br porta=3306 filtro= dias=7
[25-Mar-2026 11:10:05 UTC] WORKER consultar_notas acao=consultar_banco servidor=Servidor ERP - MySAAS host=mysaas.com.br porta=3306 filtro= dias=7
[25-Mar-2026 11:10:06 UTC] WORKER consultar_notas acao=consultar_banco servidor=Servidor ERP - MySAAS host=mysaas.com.br porta=3306 filtro= dias=7
[25-Mar-2026 11:10:06 UTC] WORKER consultar_notas acao=consultar_banco servidor=Servidor ERP - MySAAS host=mysaas.com.br porta=3306 filtro= dias=7
[25-Mar-2026 11:10:07 UTC] WORKER consultar_notas acao=consultar_banco servidor=Servidor ERP - MySAAS host=mysaas.com.br porta=3306 filtro= dias=7
[25-Mar-2026 11:10:07 UTC] WORKER consultar_notas acao=consultar_banco servidor=Servidor ERP - MySAAS host=mysaas.com.br porta=3306 filtro= dias=7
[25-Mar-2026 11:10:07 UTC] WORKER consultar_notas acao=consultar_banco servidor=Servidor ERP - MySAAS host=mysaas.com.br porta=3306 filtro= dias=7
[25-Mar-2026 11:10:07 UTC] WORKER consultar_notas acao=consultar_banco servidor=Servidor ERP - MySAAS host=mysaas.com.br porta=3306 filtro= dias=7
[25-Mar-2026 11:10:08 UTC] WORKER consultar_notas acao=consultar_banco servidor=Servidor ERP - MySAAS host=mysaas.com.br porta=3306 filtro= dias=7
[25-Mar-2026 11:10:08 UTC] WORKER consultar_notas acao=consultar_banco servidor=Servidor ERP - MySAAS host=mysaas.com.br porta=3306 filtro= dias=7
[25-Mar-2026 11:10:09 UTC] WORKER consultar_notas acao=consultar_banco servidor=Servidor ERP - MySAAS host=mysaas.com.br porta=3306 filtro= dias=7
[25-Mar-2026 11:10:09 UTC] WORKER consultar_notas acao=consultar_banco servidor=Servidor ERP - MySAAS host=mysaas.com.br porta=3306 filtro= dias=7
[25-Mar-2026 11:10:09 UTC] WORKER consultar_notas acao=consultar_banco servidor=Servidor ERP - MySAAS host=mysaas.com.br porta=3306 filtro= dias=7
[25-Mar-2026 11:10:10 UTC] WORKER consultar_notas acao=consultar_banco servidor=Servidor ERP - MySAAS host=mysaas.com.br porta=3306 filtro= dias=7
[25-Mar-2026 11:10:10 UTC] WORKER consultar_notas acao=consultar_banco servidor=Servidor ERP - MySAAS host=mysaas.com.br porta=3306 filtro= dias=7
[25-Mar-2026 11:10:10 UTC] WORKER consultar_notas acao=consultar_banco servidor=Servidor ERP - MySAAS host=mysaas.com.br porta=3306 filtro= dias=7
[25-Mar-2026 11:10:11 UTC] WORKER consultar_notas acao=consultar_banco servidor=Servidor ERP - MySAAS host=mysaas.com.br porta=3306 filtro= dias=7
[25-Mar-2026 11:10:12 UTC] WORKER consultar_notas acao=consultar_banco servidor=Servidor ERP - MySAAS host=mysaas.com.br porta=3306 filtro= dias=7
[25-Mar-2026 11:10:12 UTC] WORKER consultar_notas acao=consultar_banco servidor=Servidor ERP - MySAAS host=mysaas.com.br porta=3306 filtro= dias=7
[25-Mar-2026 11:10:12 UTC] WORKER consultar_notas acao=consultar_banco servidor=Servidor ERP - MySAAS host=mysaas.com.br porta=3306 filtro= dias=7
[25-Mar-2026 11:10:12 UTC] WORKER consultar_notas acao=consultar_banco servidor=Servidor ERP - MySAAS host=mysaas.com.br porta=3306 filtro= dias=7
[25-Mar-2026 11:10:13 UTC] WORKER consultar_notas acao=consultar_banco servidor=Servidor ERP - MySAAS host=mysaas.com.br porta=3306 filtro= dias=7
[25-Mar-2026 11:10:13 UTC] WORKER consultar_notas acao=consultar_banco servidor=Servidor ERP - MySAAS host=mysaas.com.br porta=3306 filtro= dias=7
[25-Mar-2026 11:10:13 UTC] WORKER consultar_notas acao=consultar_banco servidor=Servidor ERP - MySAAS host=mysaas.com.br porta=3306 filtro= dias=7
[25-Mar-2026 11:10:14 UTC] WORKER consultar_notas acao=consultar_banco servidor=Servidor ERP - MySAAS host=mysaas.com.br porta=3306 filtro= dias=7
[25-Mar-2026 11:10:14 UTC] WORKER consultar_notas acao=consultar_banco servidor=Servidor ERP - MySAAS host=mysaas.com.br porta=3306 filtro= dias=7
[25-Mar-2026 11:10:15 UTC] WORKER consultar_notas acao=consultar_banco servidor=Servidor ERP - MySAAS host=mysaas.com.br porta=3306 filtro= dias=7
[25-Mar-2026 11:10:15 UTC] WORKER consultar_notas acao=consultar_banco servidor=Servidor ERP - MySAAS host=mysaas.com.br porta=3306 filtro= dias=7
[25-Mar-2026 11:10:15 UTC] WORKER consultar_notas acao=consultar_banco servidor=Servidor ERP - MySAAS host=mysaas.com.br porta=3306 filtro= dias=7
[25-Mar-2026 11:10:16 UTC] WORKER consultar_notas acao=consultar_banco servidor=Servidor ERP - MySAAS host=mysaas.com.br porta=3306 filtro= dias=7
[25-Mar-2026 11:10:16 UTC] WORKER consultar_notas acao=consultar_banco servidor=Servidor ERP - MySAAS host=mysaas.com.br porta=3306 filtro= dias=7
[25-Mar-2026 11:10:17 UTC] WORKER consultar_notas acao=consultar_banco servidor=Servidor ERP - MySAAS host=mysaas.com.br porta=3306 filtro= dias=7
[25-Mar-2026 11:10:17 UTC] WORKER consultar_notas acao=consultar_banco servidor=Servidor ERP - MySAAS host=mysaas.com.br porta=3306 filtro= dias=7
[25-Mar-2026 11:10:17 UTC] WORKER consultar_notas acao=consultar_banco servidor=Servidor ERP - MySAAS host=mysaas.com.br porta=3306 filtro= dias=7
[25-Mar-2026 11:10:18 UTC] WORKER consultar_notas acao=consultar_banco servidor=Servidor ERP - MySAAS host=mysaas.com.br porta=3306 filtro= dias=7
[25-Mar-2026 11:10:18 UTC] WORKER consultar_notas acao=consultar_banco servidor=Servidor ERP - MySAAS host=mysaas.com.br porta=3306 filtro= dias=7
[25-Mar-2026 11:10:18 UTC] WORKER consultar_notas acao=consultar_banco servidor=Servidor ERP - MySAAS host=mysaas.com.br porta=3306 filtro= dias=7
[25-Mar-2026 11:10:19 UTC] WORKER consultar_notas acao=consultar_banco servidor=Servidor ERP - MySAAS host=mysaas.com.br porta=3306 filtro= dias=7
[25-Mar-2026 11:10:19 UTC] WORKER consultar_notas acao=consultar_banco servidor=Servidor ERP - MySAAS host=mysaas.com.br porta=3306 filtro= dias=7
[25-Mar-2026 11:10:19 UTC] WORKER consultar_notas acao=consultar_banco servidor=Servidor ERP - MySAAS host=mysaas.com.br porta=3306 filtro= dias=7
[25-Mar-2026 11:10:20 UTC] WORKER consultar_notas acao=consultar_banco servidor=Servidor ERP - MySAAS host=mysaas.com.br porta=3306 filtro= dias=7
[25-Mar-2026 11:10:20 UTC] WORKER consultar_notas acao=consultar_banco servidor=Servidor ERP - MySAAS host=mysaas.com.br porta=3306 filtro= dias=7
[25-Mar-2026 11:10:21 UTC] WORKER consultar_notas acao=consultar_banco servidor=Servidor ERP - MySAAS host=mysaas.com.br porta=3306 filtro= dias=7
[25-Mar-2026 11:10:21 UTC] WORKER consultar_notas acao=consultar_banco servidor=Servidor ERP - MySAAS host=mysaas.com.br porta=3306 filtro= dias=7
[25-Mar-2026 11:10:21 UTC] WORKER consultar_notas acao=consultar_banco servidor=Servidor ERP - MySAAS host=mysaas.com.br porta=3306 filtro= dias=7
[25-Mar-2026 11:10:22 UTC] WORKER consultar_notas acao=consultar_banco servidor=Servidor ERP - MySAAS host=mysaas.com.br porta=3306 filtro= dias=7
[25-Mar-2026 11:10:22 UTC] WORKER consultar_notas acao=consultar_banco servidor=Servidor ERP - MySAAS host=mysaas.com.br porta=3306 filtro= dias=7
[25-Mar-2026 11:10:22 UTC] WORKER consultar_notas acao=consultar_banco servidor=Servidor ERP - MySAAS host=mysaas.com.br porta=3306 filtro= dias=7
[25-Mar-2026 11:10:23 UTC] WORKER consultar_notas acao=consultar_banco servidor=Servidor ERP - MySAAS host=mysaas.com.br porta=3306 filtro= dias=7
[25-Mar-2026 11:10:23 UTC] WORKER consultar_notas acao=consultar_banco servidor=Servidor ERP - MySAAS host=mysaas.com.br porta=3306 filtro= dias=7
[25-Mar-2026 11:10:24 UTC] WORKER consultar_notas acao=consultar_banco servidor=Servidor ERP - MySAAS host=mysaas.com.br porta=3306 filtro= dias=7
[25-Mar-2026 11:10:24 UTC] WORKER consultar_notas acao=consultar_banco servidor=Servidor ERP - MySAAS host=mysaas.com.br porta=3306 filtro= dias=7
[25-Mar-2026 11:10:24 UTC] WORKER consultar_notas acao=consultar_banco servidor=Servidor ERP - MySAAS host=mysaas.com.br porta=3306 filtro= dias=7
[25-Mar-2026 11:10:24 UTC] WORKER consultar_notas acao=consultar_banco servidor=Servidor ERP - MySAAS host=mysaas.com.br porta=3306 filtro= dias=7
[25-Mar-2026 11:10:25 UTC] WORKER consultar_notas acao=consultar_banco servidor=Servidor ERP - MySAAS host=mysaas.com.br porta=3306 filtro= dias=7
[25-Mar-2026 11:10:25 UTC] WORKER consultar_notas acao=consultar_banco servidor=Servidor ERP - MySAAS host=mysaas.com.br porta=3306 filtro= dias=7
[25-Mar-2026 11:10:25 UTC] WORKER consultar_notas acao=consultar_banco servidor=Servidor ERP - MySAAS host=mysaas.com.br porta=3306 filtro= dias=7
[25-Mar-2026 11:10:26 UTC] WORKER consultar_notas acao=consultar_banco servidor=Servidor ERP - MySAAS host=mysaas.com.br porta=3306 filtro= dias=7
[25-Mar-2026 11:10:26 UTC] WORKER consultar_notas acao=consultar_banco servidor=Servidor ERP - MySAAS host=mysaas.com.br porta=3306 filtro= dias=7
[25-Mar-2026 11:10:26 UTC] WORKER consultar_notas acao=consultar_banco servidor=Servidor ERP - MySAAS host=mysaas.com.br porta=3306 filtro= dias=7
[25-Mar-2026 11:10:27 UTC] WORKER consultar_notas acao=consultar_banco servidor=Servidor ERP - MySAAS host=mysaas.com.br porta=3306 filtro= dias=7
[25-Mar-2026 11:10:27 UTC] WORKER consultar_notas acao=consultar_banco servidor=Servidor ERP - MySAAS host=mysaas.com.br porta=3306 filtro= dias=7
[25-Mar-2026 11:10:28 UTC] WORKER consultar_notas acao=consultar_banco servidor=Servidor ERP - MySAAS host=mysaas.com.br porta=3306 filtro= dias=7
[25-Mar-2026 11:10:28 UTC] WORKER consultar_notas acao=consultar_banco servidor=Servidor ERP - MySAAS host=mysaas.com.br porta=3306 filtro= dias=7
[25-Mar-2026 11:10:28 UTC] WORKER consultar_notas acao=consultar_banco servidor=Servidor ERP - MySAAS host=mysaas.com.br porta=3306 filtro= dias=7
[25-Mar-2026 11:10:29 UTC] WORKER consultar_notas acao=consultar_banco servidor=Servidor ERP - MySAAS host=mysaas.com.br porta=3306 filtro= dias=7
[25-Mar-2026 11:10:29 UTC] WORKER consultar_notas acao=consultar_banco servidor=Servidor ERP - MySAAS host=mysaas.com.br porta=3306 filtro= dias=7
[25-Mar-2026 11:10:30 UTC] WORKER consultar_notas acao=consultar_banco servidor=Servidor ERP - MySAAS host=mysaas.com.br porta=3306 filtro= dias=7
[25-Mar-2026 11:10:30 UTC] WORKER consultar_notas acao=consultar_banco servidor=Servidor ERP - MySAAS host=mysaas.com.br porta=3306 filtro= dias=7
[25-Mar-2026 11:10:30 UTC] WORKER consultar_notas acao=consultar_banco servidor=Servidor ERP - MySAAS host=mysaas.com.br porta=3306 filtro= dias=7
[25-Mar-2026 11:10:30 UTC] WORKER consultar_notas acao=consultar_banco servidor=Servidor ERP - MySAAS host=mysaas.com.br porta=3306 filtro= dias=7
[25-Mar-2026 11:10:31 UTC] WORKER consultar_notas acao=consultar_banco servidor=Servidor ERP - MySAAS host=mysaas.com.br porta=3306 filtro= dias=7
[25-Mar-2026 11:10:31 UTC] WORKER consultar_notas acao=consultar_banco servidor=Servidor ERP - MySAAS host=mysaas.com.br porta=3306 filtro= dias=7
[25-Mar-2026 11:10:32 UTC] WORKER consultar_notas acao=consultar_banco servidor=Servidor ERP - MySAAS host=mysaas.com.br porta=3306 filtro= dias=7
[25-Mar-2026 11:10:32 UTC] WORKER consultar_notas acao=consultar_banco servidor=Servidor ERP - MySAAS host=mysaas.com.br porta=3306 filtro= dias=7
[25-Mar-2026 11:10:33 UTC] WORKER consultar_notas acao=consultar_banco servidor=Servidor ERP - MySAAS host=mysaas.com.br porta=3306 filtro= dias=7
[25-Mar-2026 11:10:33 UTC] WORKER consultar_notas acao=consultar_banco servidor=Servidor ERP - MySAAS host=mysaas.com.br porta=3306 filtro= dias=7
[25-Mar-2026 11:10:33 UTC] WORKER consultar_notas acao=consultar_banco servidor=Servidor ERP - MySAAS host=mysaas.com.br porta=3306 filtro= dias=7
[25-Mar-2026 11:10:34 UTC] WORKER consultar_notas acao=consultar_banco servidor=Servidor ERP - MySAAS host=mysaas.com.br porta=3306 filtro= dias=7
[25-Mar-2026 11:10:34 UTC] WORKER consultar_notas acao=consultar_banco servidor=Servidor ERP - MySAAS host=mysaas.com.br porta=3306 filtro= dias=7
[25-Mar-2026 11:10:34 UTC] WORKER consultar_notas acao=consultar_banco servidor=Servidor ERP - MySAAS host=mysaas.com.br porta=3306 filtro= dias=7
[25-Mar-2026 11:10:34 UTC] WORKER consultar_notas acao=consultar_banco servidor=Servidor ERP - MySAAS host=mysaas.com.br porta=3306 filtro= dias=7
[25-Mar-2026 11:10:35 UTC] WORKER consultar_notas acao=consultar_banco servidor=Servidor ERP - MySAAS host=mysaas.com.br porta=3306 filtro= dias=7
[25-Mar-2026 11:10:36 UTC] WORKER consultar_notas acao=consultar_banco servidor=Servidor ERP - MySAAS host=mysaas.com.br porta=3306 filtro= dias=7
[25-Mar-2026 11:10:36 UTC] WORKER consultar_notas acao=consultar_banco servidor=Servidor ERP - MySAAS host=mysaas.com.br porta=3306 filtro= dias=7
[25-Mar-2026 11:10:36 UTC] WORKER consultar_notas acao=consultar_banco servidor=Servidor ERP - MySAAS host=mysaas.com.br porta=3306 filtro= dias=7
[25-Mar-2026 11:10:37 UTC] WORKER consultar_notas acao=consultar_banco servidor=Servidor ERP - MySAAS host=mysaas.com.br porta=3306 filtro= dias=7
[25-Mar-2026 11:10:37 UTC] WORKER consultar_notas acao=consultar_banco servidor=Servidor ERP - MySAAS host=mysaas.com.br porta=3306 filtro= dias=7
[25-Mar-2026 11:10:37 UTC] WORKER consultar_notas acao=consultar_banco servidor=Servidor ERP - MySAAS host=mysaas.com.br porta=3306 filtro= dias=7
[25-Mar-2026 11:10:37 UTC] WORKER consultar_notas acao=consultar_banco servidor=Servidor ERP - MySAAS host=mysaas.com.br porta=3306 filtro= dias=7
[25-Mar-2026 11:10:38 UTC] WORKER consultar_notas acao=consultar_banco servidor=Servidor ERP - MySAAS host=mysaas.com.br porta=3306 filtro= dias=7
[25-Mar-2026 11:10:38 UTC] WORKER consultar_notas acao=consultar_banco servidor=Servidor ERP - MySAAS host=mysaas.com.br porta=3306 filtro= dias=7
[25-Mar-2026 11:10:38 UTC] WORKER consultar_notas acao=consultar_banco servidor=Servidor ERP - MySAAS host=mysaas.com.br porta=3306 filtro= dias=7
[25-Mar-2026 11:10:39 UTC] WORKER consultar_notas acao=consultar_banco servidor=Servidor ERP - MySAAS host=mysaas.com.br porta=3306 filtro= dias=7
[25-Mar-2026 11:10:40 UTC] WORKER consultar_notas acao=consultar_banco servidor=Servidor ERP - MySAAS host=mysaas.com.br porta=3306 filtro= dias=7
[25-Mar-2026 11:10:40 UTC] WORKER consultar_notas acao=consultar_banco servidor=Servidor ERP - MySAAS host=mysaas.com.br porta=3306 filtro= dias=7
[25-Mar-2026 11:10:40 UTC] WORKER consultar_notas acao=consultar_banco servidor=Servidor ERP - MySAAS host=mysaas.com.br porta=3306 filtro= dias=7
[25-Mar-2026 11:10:41 UTC] WORKER consultar_notas acao=consultar_banco servidor=Servidor ERP - MySAAS host=mysaas.com.br porta=3306 filtro= dias=7
[25-Mar-2026 11:10:41 UTC] WORKER consultar_notas acao=consultar_banco servidor=Servidor ERP - MySAAS host=mysaas.com.br porta=3306 filtro= dias=7
[25-Mar-2026 11:10:41 UTC] WORKER consultar_notas acao=consultar_banco servidor=Servidor ERP - MySAAS host=mysaas.com.br porta=3306 filtro= dias=7
[25-Mar-2026 11:10:42 UTC] WORKER consultar_notas acao=consultar_banco servidor=Servidor ERP - MySAAS host=mysaas.com.br porta=3306 filtro= dias=7
[25-Mar-2026 11:10:42 UTC] WORKER consultar_notas acao=consultar_banco servidor=Servidor ERP - MySAAS host=mysaas.com.br porta=3306 filtro= dias=7
[25-Mar-2026 11:10:42 UTC] WORKER consultar_notas acao=consultar_banco servidor=Servidor ERP - MySAAS host=mysaas.com.br porta=3306 filtro= dias=7
[25-Mar-2026 11:10:43 UTC] WORKER consultar_notas acao=consultar_banco servidor=Servidor ERP - MySAAS host=mysaas.com.br porta=3306 filtro= dias=7
[25-Mar-2026 11:10:43 UTC] WORKER consultar_notas acao=consultar_banco servidor=Servidor ERP - MySAAS host=mysaas.com.br porta=3306 filtro= dias=7
[25-Mar-2026 11:10:44 UTC] WORKER consultar_notas acao=consultar_banco servidor=Servidor ERP - MySAAS host=mysaas.com.br porta=3306 filtro= dias=7
[25-Mar-2026 11:10:44 UTC] WORKER consultar_notas acao=consultar_banco servidor=Servidor ERP - MySAAS host=mysaas.com.br porta=3306 filtro= dias=7
[25-Mar-2026 11:10:44 UTC] WORKER consultar_notas acao=consultar_banco servidor=Servidor ERP - MySAAS host=mysaas.com.br porta=3306 filtro= dias=7
[25-Mar-2026 11:10:45 UTC] WORKER consultar_notas acao=consultar_banco servidor=Servidor ERP - MySAAS host=mysaas.com.br porta=3306 filtro= dias=7
[25-Mar-2026 11:10:45 UTC] WORKER consultar_notas acao=consultar_banco servidor=Servidor ERP - MySAAS host=mysaas.com.br porta=3306 filtro= dias=7
[25-Mar-2026 11:10:46 UTC] WORKER consultar_notas acao=consultar_banco servidor=Servidor ERP - MySAAS host=mysaas.com.br porta=3306 filtro= dias=7
[25-Mar-2026 11:10:46 UTC] WORKER consultar_notas acao=consultar_banco servidor=Servidor ERP - MySAAS host=mysaas.com.br porta=3306 filtro= dias=7
[25-Mar-2026 11:10:47 UTC] WORKER consultar_notas acao=consultar_banco servidor=Servidor ERP - MySAAS host=mysaas.com.br porta=3306 filtro= dias=7
[25-Mar-2026 11:10:47 UTC] WORKER consultar_notas acao=consultar_banco servidor=Servidor ERP - MySAAS host=mysaas.com.br porta=3306 filtro= dias=7
[25-Mar-2026 11:10:47 UTC] WORKER consultar_notas acao=consultar_banco servidor=Servidor ERP - MySAAS host=mysaas.com.br porta=3306 filtro= dias=7
[25-Mar-2026 11:10:48 UTC] WORKER consultar_notas acao=consultar_banco servidor=Servidor ERP - MySAAS host=mysaas.com.br porta=3306 filtro= dias=7
[25-Mar-2026 11:10:48 UTC] WORKER consultar_notas acao=consultar_banco servidor=Servidor ERP - MySAAS host=mysaas.com.br porta=3306 filtro= dias=7
[25-Mar-2026 11:10:48 UTC] WORKER consultar_notas acao=consultar_banco servidor=Servidor ERP - MySAAS host=mysaas.com.br porta=3306 filtro= dias=7
[25-Mar-2026 11:10:49 UTC] WORKER consultar_notas acao=consultar_banco servidor=Servidor ERP - MySAAS host=mysaas.com.br porta=3306 filtro= dias=7
[25-Mar-2026 11:10:50 UTC] WORKER consultar_notas acao=consultar_banco servidor=Servidor ERP - MySAAS host=mysaas.com.br porta=3306 filtro= dias=7
[25-Mar-2026 11:10:50 UTC] WORKER consultar_notas acao=consultar_banco servidor=Servidor ERP - MySAAS host=mysaas.com.br porta=3306 filtro= dias=7
[25-Mar-2026 11:10:51 UTC] WORKER consultar_notas acao=consultar_banco servidor=Servidor ERP - MySAAS host=mysaas.com.br porta=3306 filtro= dias=7
[25-Mar-2026 11:10:51 UTC] WORKER consultar_notas acao=consultar_banco servidor=Servidor ERP - MySAAS host=mysaas.com.br porta=3306 filtro= dias=7
[25-Mar-2026 11:10:51 UTC] WORKER consultar_notas acao=consultar_banco servidor=Servidor ERP - MySAAS host=mysaas.com.br porta=3306 filtro= dias=7
[25-Mar-2026 11:10:51 UTC] WORKER consultar_notas acao=consultar_banco servidor=Servidor ERP - MySAAS host=mysaas.com.br porta=3306 filtro= dias=7
[25-Mar-2026 11:10:52 UTC] WORKER consultar_notas acao=consultar_banco servidor=Servidor ERP - MySAAS host=mysaas.com.br porta=3306 filtro= dias=7
[25-Mar-2026 11:10:52 UTC] WORKER consultar_notas acao=consultar_banco servidor=Servidor ERP - MySAAS host=mysaas.com.br porta=3306 filtro= dias=7
[25-Mar-2026 11:10:52 UTC] WORKER consultar_notas acao=consultar_banco servidor=Servidor ERP - MySAAS host=mysaas.com.br porta=3306 filtro= dias=7
[25-Mar-2026 11:10:53 UTC] WORKER consultar_notas acao=consultar_banco servidor=Servidor ERP - MySAAS host=mysaas.com.br porta=3306 filtro= dias=7
[25-Mar-2026 11:10:53 UTC] WORKER consultar_notas acao=consultar_banco servidor=Servidor ERP - MySAAS host=mysaas.com.br porta=3306 filtro= dias=7
[25-Mar-2026 11:10:54 UTC] WORKER consultar_notas acao=consultar_banco servidor=Servidor ERP - MySAAS host=mysaas.com.br porta=3306 filtro= dias=7
[25-Mar-2026 11:10:54 UTC] WORKER consultar_notas acao=consultar_banco servidor=Servidor ERP - MySAAS host=mysaas.com.br porta=3306 filtro= dias=7
[25-Mar-2026 11:10:55 UTC] WORKER consultar_notas acao=consultar_banco servidor=Servidor ERP - MySAAS host=mysaas.com.br porta=3306 filtro= dias=7
[25-Mar-2026 11:10:55 UTC] WORKER consultar_notas acao=consultar_banco servidor=Servidor ERP - MySAAS host=mysaas.com.br porta=3306 filtro= dias=7
[25-Mar-2026 11:10:55 UTC] WORKER consultar_notas acao=consultar_banco servidor=Servidor ERP - MySAAS host=mysaas.com.br porta=3306 filtro= dias=7
[25-Mar-2026 11:10:55 UTC] WORKER consultar_notas acao=consultar_banco servidor=Servidor ERP - MySAAS host=mysaas.com.br porta=3306 filtro= dias=7
[25-Mar-2026 11:10:56 UTC] WORKER consultar_notas acao=consultar_banco servidor=Servidor ERP - MySAAS host=mysaas.com.br porta=3306 filtro= dias=7
[25-Mar-2026 11:10:56 UTC] WORKER consultar_notas acao=consultar_banco servidor=Servidor ERP - MySAAS host=mysaas.com.br porta=3306 filtro= dias=7
[25-Mar-2026 11:10:56 UTC] WORKER consultar_notas acao=consultar_banco servidor=Servidor ERP - MySAAS host=mysaas.com.br porta=3306 filtro= dias=7
[25-Mar-2026 11:10:57 UTC] WORKER consultar_notas acao=consultar_banco servidor=Servidor ERP - MySAAS host=mysaas.com.br porta=3306 filtro= dias=7
[25-Mar-2026 11:10:57 UTC] WORKER consultar_notas acao=consultar_banco servidor=Servidor ERP - MySAAS host=mysaas.com.br porta=3306 filtro= dias=7
[25-Mar-2026 11:10:57 UTC] WORKER consultar_notas acao=consultar_banco servidor=Servidor ERP - MySAAS host=mysaas.com.br porta=3306 filtro= dias=7
[25-Mar-2026 11:10:58 UTC] WORKER consultar_notas acao=consultar_banco servidor=Servidor ERP - MySAAS host=mysaas.com.br porta=3306 filtro= dias=7
[25-Mar-2026 11:10:58 UTC] WORKER consultar_notas acao=consultar_banco servidor=Servidor ERP - MySAAS host=mysaas.com.br porta=3306 filtro= dias=7
[25-Mar-2026 11:10:59 UTC] WORKER consultar_notas acao=consultar_banco servidor=Servidor ERP - MySAAS host=mysaas.com.br porta=3306 filtro= dias=7
[25-Mar-2026 11:10:59 UTC] WORKER consultar_notas acao=consultar_banco servidor=Servidor ERP - MySAAS host=mysaas.com.br porta=3306 filtro= dias=7
[25-Mar-2026 11:10:59 UTC] WORKER consultar_notas acao=consultar_banco servidor=Servidor ERP - MySAAS host=mysaas.com.br porta=3306 filtro= dias=7
[25-Mar-2026 11:11:00 UTC] WORKER consultar_notas acao=consultar_banco servidor=Servidor ERP - MySAAS host=mysaas.com.br porta=3306 filtro= dias=7
[25-Mar-2026 11:11:00 UTC] WORKER consultar_notas acao=consultar_banco servidor=Servidor ERP - MySAAS host=mysaas.com.br porta=3306 filtro= dias=7
[25-Mar-2026 11:11:01 UTC] WORKER consultar_notas acao=consultar_banco servidor=Servidor ERP - MySAAS host=mysaas.com.br porta=3306 filtro= dias=7
[25-Mar-2026 11:11:01 UTC] WORKER consultar_notas acao=consultar_banco servidor=Servidor ERP - MySAAS host=mysaas.com.br porta=3306 filtro= dias=7
[25-Mar-2026 11:11:02 UTC] WORKER consultar_notas acao=consultar_banco servidor=Servidor ERP - MySAAS host=mysaas.com.br porta=3306 filtro= dias=7
[25-Mar-2026 11:11:02 UTC] WORKER consultar_notas acao=consultar_banco servidor=Servidor ERP - MySAAS host=mysaas.com.br porta=3306 filtro= dias=7
[25-Mar-2026 11:11:02 UTC] WORKER consultar_notas acao=consultar_banco servidor=Servidor ERP - MySAAS host=mysaas.com.br porta=3306 filtro= dias=7
[25-Mar-2026 11:11:03 UTC] WORKER consultar_notas acao=consultar_banco servidor=Servidor ERP - MySAAS host=mysaas.com.br porta=3306 filtro= dias=7
[25-Mar-2026 11:11:04 UTC] WORKER consultar_notas acao=consultar_banco servidor=Servidor ERP - MySAAS host=mysaas.com.br porta=3306 filtro= dias=7
[25-Mar-2026 11:11:04 UTC] WORKER consultar_notas acao=consultar_banco servidor=Servidor ERP - MySAAS host=mysaas.com.br porta=3306 filtro= dias=7
[25-Mar-2026 11:11:04 UTC] WORKER consultar_notas acao=consultar_banco servidor=Servidor ERP - MySAAS host=mysaas.com.br porta=3306 filtro= dias=7
[25-Mar-2026 11:11:04 UTC] WORKER consultar_notas acao=consultar_banco servidor=Servidor ERP - MySAAS host=mysaas.com.br porta=3306 filtro= dias=7
[25-Mar-2026 11:11:05 UTC] WORKER consultar_notas acao=consultar_banco servidor=Servidor ERP - MySAAS host=mysaas.com.br porta=3306 filtro= dias=7
[25-Mar-2026 11:11:05 UTC] WORKER consultar_notas acao=consultar_banco servidor=Servidor ERP - MySAAS host=mysaas.com.br porta=3306 filtro= dias=7
[25-Mar-2026 11:11:06 UTC] WORKER consultar_notas acao=consultar_banco servidor=Servidor ERP - MySAAS host=mysaas.com.br porta=3306 filtro= dias=7
[25-Mar-2026 11:11:06 UTC] WORKER consultar_notas acao=consultar_banco servidor=Servidor ERP - MySAAS host=mysaas.com.br porta=3306 filtro= dias=7
[25-Mar-2026 11:11:07 UTC] WORKER consultar_notas acao=consultar_banco servidor=Servidor ERP - MySAAS host=mysaas.com.br porta=3306 filtro= dias=7
[25-Mar-2026 11:11:07 UTC] WORKER consultar_notas acao=consultar_banco servidor=Servidor ERP - MySAAS host=mysaas.com.br porta=3306 filtro= dias=7
[25-Mar-2026 11:11:07 UTC] WORKER consultar_notas acao=consultar_banco servidor=Servidor ERP - MySAAS host=mysaas.com.br porta=3306 filtro= dias=7
[25-Mar-2026 11:11:07 UTC] WORKER consultar_notas acao=consultar_banco servidor=Servidor ERP - MySAAS host=mysaas.com.br porta=3306 filtro= dias=7
[25-Mar-2026 11:11:08 UTC] WORKER consultar_notas acao=consultar_banco servidor=Servidor ERP - MySAAS host=mysaas.com.br porta=3306 filtro= dias=7
[25-Mar-2026 11:11:08 UTC] WORKER consultar_notas acao=consultar_banco servidor=Servidor ERP - MySAAS host=mysaas.com.br porta=3306 filtro= dias=7
[25-Mar-2026 11:11:09 UTC] WORKER consultar_notas acao=consultar_banco servidor=Servidor ERP - MySAAS host=mysaas.com.br porta=3306 filtro= dias=7
[25-Mar-2026 11:11:09 UTC] WORKER consultar_notas acao=consultar_banco servidor=Servidor ERP - MySAAS host=mysaas.com.br porta=3306 filtro= dias=7
[25-Mar-2026 11:11:09 UTC] WORKER consultar_notas acao=consultar_banco servidor=Servidor ERP - MySAAS host=mysaas.com.br porta=3306 filtro= dias=7
[25-Mar-2026 11:11:09 UTC] WORKER consultar_notas acao=consultar_banco servidor=Servidor ERP - MySAAS host=mysaas.com.br porta=3306 filtro= dias=7
[25-Mar-2026 11:11:10 UTC] WORKER consultar_notas acao=consultar_banco servidor=Servidor ERP - MySAAS host=mysaas.com.br porta=3306 filtro= dias=7
[25-Mar-2026 11:11:11 UTC] WORKER consultar_notas acao=consultar_banco servidor=Servidor ERP - MySAAS host=mysaas.com.br porta=3306 filtro= dias=7
[25-Mar-2026 11:11:11 UTC] WORKER consultar_notas acao=consultar_banco servidor=Servidor ERP - MySAAS host=mysaas.com.br porta=3306 filtro= dias=7
[25-Mar-2026 11:11:11 UTC] WORKER consultar_notas acao=consultar_banco servidor=Servidor ERP - MySAAS host=mysaas.com.br porta=3306 filtro= dias=7
[25-Mar-2026 11:11:12 UTC] WORKER consultar_notas acao=consultar_banco servidor=Servidor ERP - MySAAS host=mysaas.com.br porta=3306 filtro= dias=7
[25-Mar-2026 11:11:12 UTC] WORKER consultar_notas acao=consultar_banco servidor=Servidor ERP - MySAAS host=mysaas.com.br porta=3306 filtro= dias=7
[25-Mar-2026 11:11:12 UTC] WORKER consultar_notas acao=consultar_banco servidor=Servidor ERP - MySAAS host=mysaas.com.br porta=3306 filtro= dias=7
[25-Mar-2026 11:11:12 UTC] WORKER consultar_notas acao=consultar_banco servidor=Servidor ERP - MySAAS host=mysaas.com.br porta=3306 filtro= dias=7
[25-Mar-2026 11:11:13 UTC] WORKER consultar_notas acao=consultar_banco servidor=Servidor ERP - MySAAS host=mysaas.com.br porta=3306 filtro= dias=7
[25-Mar-2026 11:11:13 UTC] WORKER consultar_notas acao=consultar_banco servidor=Servidor ERP - MySAAS host=mysaas.com.br porta=3306 filtro= dias=7
[25-Mar-2026 11:11:14 UTC] WORKER consultar_notas acao=consultar_banco servidor=Servidor ERP - MySAAS host=mysaas.com.br porta=3306 filtro= dias=7
[25-Mar-2026 11:11:15 UTC] WORKER consultar_notas acao=consultar_banco servidor=Servidor ERP - MySAAS host=mysaas.com.br porta=3306 filtro= dias=7
[25-Mar-2026 11:11:15 UTC] WORKER consultar_notas acao=consultar_banco servidor=Servidor ERP - MySAAS host=mysaas.com.br porta=3306 filtro= dias=7
[25-Mar-2026 11:11:15 UTC] WORKER consultar_notas acao=consultar_banco servidor=Servidor ERP - MySAAS host=mysaas.com.br porta=3306 filtro= dias=7
[25-Mar-2026 11:11:15 UTC] WORKER consultar_notas acao=consultar_banco servidor=Servidor ERP - MySAAS host=mysaas.com.br porta=3306 filtro= dias=7
[25-Mar-2026 11:11:16 UTC] WORKER consultar_notas acao=consultar_banco servidor=Servidor ERP - MySAAS host=mysaas.com.br porta=3306 filtro= dias=7
[25-Mar-2026 11:11:16 UTC] WORKER consultar_notas acao=consultar_banco servidor=Servidor ERP - MySAAS host=mysaas.com.br porta=3306 filtro= dias=7
[25-Mar-2026 11:11:16 UTC] WORKER consultar_notas acao=consultar_banco servidor=Servidor ERP - MySAAS host=mysaas.com.br porta=3306 filtro= dias=7
[25-Mar-2026 11:11:17 UTC] WORKER consultar_notas acao=consultar_banco servidor=Servidor ERP - MySAAS host=mysaas.com.br porta=3306 filtro= dias=7
[25-Mar-2026 11:11:17 UTC] WORKER consultar_notas acao=consultar_banco servidor=Servidor ERP - MySAAS host=mysaas.com.br porta=3306 filtro= dias=7
[25-Mar-2026 11:11:18 UTC] WORKER consultar_notas acao=consultar_banco servidor=Servidor ERP - MySAAS host=mysaas.com.br porta=3306 filtro= dias=7
[25-Mar-2026 11:11:18 UTC] WORKER consultar_notas acao=consultar_banco servidor=Servidor ERP - MySAAS host=mysaas.com.br porta=3306 filtro= dias=7
[25-Mar-2026 11:11:18 UTC] WORKER consultar_notas acao=consultar_banco servidor=Servidor ERP - MySAAS host=mysaas.com.br porta=3306 filtro= dias=7
[25-Mar-2026 11:11:19 UTC] WORKER consultar_notas acao=consultar_banco servidor=Servidor ERP - MySAAS host=mysaas.com.br porta=3306 filtro= dias=7
[25-Mar-2026 11:11:20 UTC] WORKER consultar_notas acao=consultar_banco servidor=Servidor ERP - MySAAS host=mysaas.com.br porta=3306 filtro= dias=7
[25-Mar-2026 11:11:20 UTC] WORKER consultar_notas acao=consultar_banco servidor=Servidor ERP - MySAAS host=mysaas.com.br porta=3306 filtro= dias=7
[25-Mar-2026 11:11:20 UTC] WORKER consultar_notas acao=consultar_banco servidor=Servidor ERP - MySAAS host=mysaas.com.br porta=3306 filtro= dias=7
[25-Mar-2026 11:11:21 UTC] WORKER consultar_notas acao=consultar_banco servidor=Servidor ERP - MySAAS host=mysaas.com.br porta=3306 filtro= dias=7
[25-Mar-2026 11:11:21 UTC] WORKER consultar_notas acao=consultar_banco servidor=Servidor ERP - MySAAS host=mysaas.com.br porta=3306 filtro= dias=7
[25-Mar-2026 11:11:21 UTC] WORKER consultar_notas acao=consultar_banco servidor=Servidor ERP - MySAAS host=mysaas.com.br porta=3306 filtro= dias=7
[25-Mar-2026 11:11:22 UTC] WORKER consultar_notas acao=consultar_banco servidor=Servidor ERP - MySAAS host=mysaas.com.br porta=3306 filtro= dias=7
[25-Mar-2026 11:11:22 UTC] WORKER consultar_notas acao=consultar_banco servidor=Servidor ERP - MySAAS host=mysaas.com.br porta=3306 filtro= dias=7
[25-Mar-2026 11:11:23 UTC] WORKER consultar_notas acao=consultar_banco servidor=Servidor ERP - MySAAS host=mysaas.com.br porta=3306 filtro= dias=7
[25-Mar-2026 11:11:23 UTC] WORKER consultar_notas acao=consultar_banco servidor=Servidor ERP - MySAAS host=mysaas.com.br porta=3306 filtro= dias=7
[25-Mar-2026 11:11:24 UTC] WORKER consultar_notas acao=consultar_banco servidor=Servidor ERP - MySAAS host=mysaas.com.br porta=3306 filtro= dias=7
[25-Mar-2026 11:11:24 UTC] WORKER consultar_notas acao=consultar_banco servidor=Servidor ERP - MySAAS host=mysaas.com.br porta=3306 filtro= dias=7
[25-Mar-2026 11:11:24 UTC] WORKER consultar_notas acao=consultar_banco servidor=Servidor ERP - MySAAS host=mysaas.com.br porta=3306 filtro= dias=7
[25-Mar-2026 11:11:24 UTC] WORKER consultar_notas acao=consultar_banco servidor=Servidor ERP - MySAAS host=mysaas.com.br porta=3306 filtro= dias=7
[25-Mar-2026 11:11:25 UTC] WORKER consultar_notas acao=consultar_banco servidor=Servidor ERP - MySAAS host=mysaas.com.br porta=3306 filtro= dias=7
[25-Mar-2026 11:11:25 UTC] WORKER consultar_notas acao=consultar_banco servidor=Servidor ERP - MySAAS host=mysaas.com.br porta=3306 filtro= dias=7
[25-Mar-2026 11:11:25 UTC] WORKER consultar_notas acao=consultar_banco servidor=Servidor ERP - MySAAS host=mysaas.com.br porta=3306 filtro= dias=7
[25-Mar-2026 11:11:25 UTC] WORKER consultar_notas acao=consultar_banco servidor=Servidor ERP - MySAAS host=mysaas.com.br porta=3306 filtro= dias=7
[25-Mar-2026 11:11:26 UTC] WORKER consultar_notas acao=consultar_banco servidor=Servidor ERP - MySAAS host=mysaas.com.br porta=3306 filtro= dias=7
[25-Mar-2026 11:11:27 UTC] WORKER consultar_notas acao=consultar_banco servidor=Servidor ERP - MySAAS host=mysaas.com.br porta=3306 filtro= dias=7
[25-Mar-2026 11:11:27 UTC] WORKER consultar_notas acao=consultar_banco servidor=Servidor ERP - MySAAS host=mysaas.com.br porta=3306 filtro= dias=7
[25-Mar-2026 11:11:27 UTC] WORKER consultar_notas acao=consultar_banco servidor=Servidor ERP - MySAAS host=mysaas.com.br porta=3306 filtro= dias=7
[25-Mar-2026 11:11:27 UTC] WORKER consultar_notas acao=consultar_banco servidor=Servidor ERP - MySAAS host=mysaas.com.br porta=3306 filtro= dias=7
[25-Mar-2026 11:11:28 UTC] WORKER consultar_notas acao=consultar_banco servidor=Servidor ERP - MySAAS host=mysaas.com.br porta=3306 filtro= dias=7
[25-Mar-2026 11:11:28 UTC] WORKER consultar_notas acao=consultar_banco servidor=Servidor ERP - MySAAS host=mysaas.com.br porta=3306 filtro= dias=7
[25-Mar-2026 11:11:28 UTC] WORKER consultar_notas acao=consultar_banco servidor=Servidor ERP - MySAAS host=mysaas.com.br porta=3306 filtro= dias=7
[25-Mar-2026 11:11:29 UTC] WORKER consultar_notas acao=consultar_banco servidor=Servidor ERP - MySAAS host=mysaas.com.br porta=3306 filtro= dias=7
[25-Mar-2026 11:11:29 UTC] WORKER consultar_notas acao=consultar_banco servidor=Servidor ERP - MySAAS host=mysaas.com.br porta=3306 filtro= dias=7
[25-Mar-2026 11:11:29 UTC] WORKER consultar_notas acao=consultar_banco servidor=Servidor ERP - MySAAS host=mysaas.com.br porta=3306 filtro= dias=7
[25-Mar-2026 11:11:29 UTC] WORKER consultar_notas acao=consultar_banco servidor=Servidor ERP - MySAAS host=mysaas.com.br porta=3306 filtro= dias=7
[25-Mar-2026 11:11:30 UTC] WORKER consultar_notas acao=consultar_banco servidor=Servidor ERP - MySAAS host=mysaas.com.br porta=3306 filtro= dias=7
[25-Mar-2026 11:11:31 UTC] WORKER consultar_notas acao=consultar_banco servidor=Servidor ERP - MySAAS host=mysaas.com.br porta=3306 filtro= dias=7
[25-Mar-2026 11:11:31 UTC] WORKER consultar_notas acao=consultar_banco servidor=Servidor ERP - MySAAS host=mysaas.com.br porta=3306 filtro= dias=7
[25-Mar-2026 11:11:31 UTC] WORKER consultar_notas acao=consultar_banco servidor=Servidor ERP - MySAAS host=mysaas.com.br porta=3306 filtro= dias=7
[25-Mar-2026 11:11:31 UTC] WORKER consultar_notas acao=consultar_banco servidor=Servidor ERP - MySAAS host=mysaas.com.br porta=3306 filtro= dias=7
[25-Mar-2026 11:11:32 UTC] WORKER consultar_notas acao=consultar_banco servidor=Servidor ERP - MySAAS host=mysaas.com.br porta=3306 filtro= dias=7
[25-Mar-2026 11:11:32 UTC] WORKER consultar_notas acao=consultar_banco servidor=Servidor ERP - MySAAS host=mysaas.com.br porta=3306 filtro= dias=7
[25-Mar-2026 11:11:32 UTC] WORKER consultar_notas acao=consultar_banco servidor=Servidor ERP - MySAAS host=mysaas.com.br porta=3306 filtro= dias=7
[25-Mar-2026 11:11:33 UTC] WORKER consultar_notas acao=consultar_banco servidor=Servidor ERP - MySAAS host=mysaas.com.br porta=3306 filtro= dias=7
[25-Mar-2026 11:11:33 UTC] WORKER consultar_notas acao=consultar_banco servidor=Servidor ERP - MySAAS host=mysaas.com.br porta=3306 filtro= dias=7
[25-Mar-2026 11:11:33 UTC] WORKER consultar_notas acao=consultar_banco servidor=Servidor ERP - MySAAS host=mysaas.com.br porta=3306 filtro= dias=7
[25-Mar-2026 11:11:34 UTC] WORKER consultar_notas acao=consultar_banco servidor=Servidor ERP - MySAAS host=mysaas.com.br porta=3306 filtro= dias=7
[25-Mar-2026 11:11:34 UTC] WORKER consultar_notas acao=consultar_banco servidor=Servidor ERP - Postos host=mysaas.com.br porta=3307 filtro= dias=7
[25-Mar-2026 11:11:35 UTC] WORKER consultar_notas acao=consultar_banco servidor=Servidor ERP - Postos host=mysaas.com.br porta=3307 filtro= dias=7
[25-Mar-2026 11:11:35 UTC] WORKER consultar_notas acao=consultar_banco servidor=Servidor ERP - Postos host=mysaas.com.br porta=3307 filtro= dias=7
[25-Mar-2026 11:11:35 UTC] WORKER consultar_notas acao=consultar_banco servidor=Servidor ERP - Postos host=mysaas.com.br porta=3307 filtro= dias=7
[25-Mar-2026 11:11:35 UTC] WORKER consultar_notas acao=consultar_banco servidor=Servidor ERP - Postos host=mysaas.com.br porta=3307 filtro= dias=7
[25-Mar-2026 11:11:36 UTC] WORKER consultar_notas acao=consultar_banco servidor=Servidor ERP - Postos host=mysaas.com.br porta=3307 filtro= dias=7
[25-Mar-2026 11:11:36 UTC] WORKER consultar_notas acao=consultar_banco servidor=Servidor ERP - Postos host=mysaas.com.br porta=3307 filtro= dias=7
[25-Mar-2026 11:11:36 UTC] WORKER consultar_notas acao=consultar_banco servidor=Servidor ERP - Postos host=mysaas.com.br porta=3307 filtro= dias=7
[25-Mar-2026 11:11:37 UTC] WORKER consultar_notas acao=consultar_banco servidor=Servidor ERP - Postos host=mysaas.com.br porta=3307 filtro= dias=7
[25-Mar-2026 11:11:37 UTC] WORKER consultar_notas acao=consultar_banco servidor=Servidor ERP - Postos host=mysaas.com.br porta=3307 filtro= dias=7
[25-Mar-2026 11:11:38 UTC] WORKER consultar_notas acao=consultar_banco servidor=Servidor ERP - Postos host=mysaas.com.br porta=3307 filtro= dias=7
[25-Mar-2026 11:11:38 UTC] WORKER consultar_notas acao=consultar_banco servidor=Servidor ERP - Postos host=mysaas.com.br porta=3307 filtro= dias=7
[25-Mar-2026 11:11:38 UTC] WORKER consultar_notas acao=consultar_banco servidor=Servidor ERP - Postos host=mysaas.com.br porta=3307 filtro= dias=7
[25-Mar-2026 11:11:39 UTC] WORKER consultar_notas acao=consultar_banco servidor=Servidor ERP - Postos host=mysaas.com.br porta=3307 filtro= dias=7
[25-Mar-2026 11:11:39 UTC] WORKER consultar_notas acao=consultar_banco servidor=Servidor ERP - Postos host=mysaas.com.br porta=3307 filtro= dias=7
[25-Mar-2026 11:11:39 UTC] WORKER consultar_notas acao=consultar_banco servidor=Servidor ERP - Postos host=mysaas.com.br porta=3307 filtro= dias=7
[25-Mar-2026 11:11:39 UTC] WORKER consultar_notas acao=consultar_banco servidor=Servidor ERP - Postos host=mysaas.com.br porta=3307 filtro= dias=7
[25-Mar-2026 11:11:40 UTC] WORKER consultar_notas acao=consultar_banco servidor=Servidor ERP - Postos host=mysaas.com.br porta=3307 filtro= dias=7
[25-Mar-2026 11:11:40 UTC] WORKER consultar_notas acao=consultar_banco servidor=Servidor ERP - Postos host=mysaas.com.br porta=3307 filtro= dias=7
[25-Mar-2026 11:11:40 UTC] WORKER consultar_notas acao=consultar_banco servidor=Servidor ERP - Postos host=mysaas.com.br porta=3307 filtro= dias=7
[25-Mar-2026 11:11:41 UTC] WORKER consultar_notas acao=consultar_banco servidor=Servidor ERP - Postos host=mysaas.com.br porta=3307 filtro= dias=7
[25-Mar-2026 11:11:41 UTC] WORKER consultar_notas acao=consultar_banco servidor=Servidor ERP - Postos host=mysaas.com.br porta=3307 filtro= dias=7
[25-Mar-2026 11:11:42 UTC] WORKER consultar_notas acao=consultar_banco servidor=Servidor ERP - Postos host=mysaas.com.br porta=3307 filtro= dias=7
[25-Mar-2026 11:11:42 UTC] WORKER consultar_notas acao=consultar_banco servidor=Servidor ERP - Postos host=mysaas.com.br porta=3307 filtro= dias=7
[25-Mar-2026 11:11:42 UTC] WORKER consultar_notas acao=consultar_banco servidor=Servidor ERP - Postos host=mysaas.com.br porta=3307 filtro= dias=7
[25-Mar-2026 11:11:43 UTC] WORKER consultar_notas acao=consultar_banco servidor=Servidor ERP - Postos host=mysaas.com.br porta=3307 filtro= dias=7
[25-Mar-2026 11:11:43 UTC] WORKER consultar_notas acao=consultar_banco servidor=Servidor ERP - Postos host=mysaas.com.br porta=3307 filtro= dias=7
[25-Mar-2026 11:11:43 UTC] WORKER consultar_notas acao=consultar_banco servidor=Servidor ERP - Postos host=mysaas.com.br porta=3307 filtro= dias=7
[25-Mar-2026 11:11:43 UTC] WORKER consultar_notas acao=consultar_banco servidor=Servidor ERP - Postos host=mysaas.com.br porta=3307 filtro= dias=7
[25-Mar-2026 11:11:44 UTC] WORKER consultar_notas acao=consultar_banco servidor=Servidor ERP - Postos host=mysaas.com.br porta=3307 filtro= dias=7
[25-Mar-2026 11:11:44 UTC] WORKER consultar_notas acao=consultar_banco servidor=Servidor ERP - Postos host=mysaas.com.br porta=3307 filtro= dias=7
[25-Mar-2026 11:11:44 UTC] WORKER consultar_notas acao=consultar_banco servidor=Servidor ERP - Postos host=mysaas.com.br porta=3307 filtro= dias=7
[25-Mar-2026 11:11:45 UTC] WORKER consultar_notas acao=consultar_banco servidor=Servidor ERP - Postos host=mysaas.com.br porta=3307 filtro= dias=7
[25-Mar-2026 11:11:45 UTC] WORKER consultar_notas acao=consultar_banco servidor=Servidor ERP - Postos host=mysaas.com.br porta=3307 filtro= dias=7
[25-Mar-2026 11:11:46 UTC] WORKER consultar_notas acao=consultar_banco servidor=Servidor ERP - Postos host=mysaas.com.br porta=3307 filtro= dias=7
[25-Mar-2026 11:11:46 UTC] WORKER consultar_notas acao=consultar_banco servidor=Servidor ERP - Postos host=mysaas.com.br porta=3307 filtro= dias=7
[25-Mar-2026 11:11:46 UTC] WORKER consultar_notas acao=consultar_banco servidor=Servidor ERP - Postos host=mysaas.com.br porta=3307 filtro= dias=7
[25-Mar-2026 11:11:47 UTC] WORKER consultar_notas acao=consultar_banco servidor=Servidor ERP - Postos host=mysaas.com.br porta=3307 filtro= dias=7
[25-Mar-2026 11:11:47 UTC] WORKER consultar_notas acao=consultar_banco servidor=Servidor ERP - Postos host=mysaas.com.br porta=3307 filtro= dias=7
[25-Mar-2026 11:11:47 UTC] WORKER consultar_notas acao=consultar_banco servidor=Servidor ERP - Postos host=mysaas.com.br porta=3307 filtro= dias=7
[25-Mar-2026 11:11:47 UTC] WORKER consultar_notas acao=consultar_banco servidor=Servidor ERP - Postos host=mysaas.com.br porta=3307 filtro= dias=7
[25-Mar-2026 11:11:48 UTC] WORKER consultar_notas acao=consultar_banco servidor=Servidor ERP - Postos host=mysaas.com.br porta=3307 filtro= dias=7
[25-Mar-2026 11:11:48 UTC] WORKER consultar_notas acao=consultar_banco servidor=Servidor ERP - Postos host=mysaas.com.br porta=3307 filtro= dias=7
[25-Mar-2026 11:11:48 UTC] WORKER consultar_notas acao=consultar_banco servidor=Servidor ERP - Postos host=mysaas.com.br porta=3307 filtro= dias=7
[25-Mar-2026 11:11:49 UTC] WORKER consultar_notas acao=consultar_banco servidor=Servidor ERP - Postos host=mysaas.com.br porta=3307 filtro= dias=7
[25-Mar-2026 11:11:49 UTC] WORKER consultar_notas acao=consultar_banco servidor=Servidor ERP - Postos host=mysaas.com.br porta=3307 filtro= dias=7
[25-Mar-2026 11:11:50 UTC] WORKER consultar_notas acao=consultar_banco servidor=Servidor ERP - Postos host=mysaas.com.br porta=3307 filtro= dias=7
[25-Mar-2026 11:11:50 UTC] WORKER consultar_notas acao=consultar_banco servidor=Servidor ERP - Postos host=mysaas.com.br porta=3307 filtro= dias=7
[25-Mar-2026 11:11:50 UTC] WORKER consultar_notas acao=consultar_banco servidor=Servidor ERP - Postos host=mysaas.com.br porta=3307 filtro= dias=7
[25-Mar-2026 11:11:50 UTC] WORKER consultar_notas acao=consultar_banco servidor=Servidor ERP - Postos host=mysaas.com.br porta=3307 filtro= dias=7
[25-Mar-2026 11:11:51 UTC] WORKER consultar_notas acao=consultar_banco servidor=Servidor ERP - Postos host=mysaas.com.br porta=3307 filtro= dias=7
[25-Mar-2026 11:11:51 UTC] WORKER consultar_notas acao=consultar_banco servidor=Servidor ERP - Postos host=mysaas.com.br porta=3307 filtro= dias=7
[25-Mar-2026 11:11:51 UTC] WORKER consultar_notas acao=consultar_banco servidor=Servidor ERP - Postos host=mysaas.com.br porta=3307 filtro= dias=7
[25-Mar-2026 11:11:52 UTC] WORKER consultar_notas acao=consultar_banco servidor=Servidor ERP - Postos host=mysaas.com.br porta=3307 filtro= dias=7
[25-Mar-2026 11:11:52 UTC] WORKER consultar_notas acao=consultar_banco servidor=Servidor ERP - Postos host=mysaas.com.br porta=3307 filtro= dias=7
[25-Mar-2026 11:11:52 UTC] WORKER consultar_notas acao=consultar_banco servidor=Servidor ERP - Postos host=mysaas.com.br porta=3307 filtro= dias=7
[25-Mar-2026 11:11:53 UTC] WORKER consultar_notas acao=consultar_banco servidor=Servidor ERP - Postos host=mysaas.com.br porta=3307 filtro= dias=7
[25-Mar-2026 11:11:53 UTC] WORKER consultar_notas acao=consultar_banco servidor=Servidor ERP - Postos host=mysaas.com.br porta=3307 filtro= dias=7
[25-Mar-2026 11:11:54 UTC] WORKER consultar_notas acao=consultar_banco servidor=Servidor ERP - Postos host=mysaas.com.br porta=3307 filtro= dias=7
[25-Mar-2026 11:11:54 UTC] WORKER consultar_notas acao=consultar_banco servidor=Servidor ERP - Postos host=mysaas.com.br porta=3307 filtro= dias=7
[25-Mar-2026 11:11:54 UTC] WORKER consultar_notas acao=consultar_banco servidor=Servidor ERP - Postos host=mysaas.com.br porta=3307 filtro= dias=7
[25-Mar-2026 11:11:54 UTC] WORKER consultar_notas acao=consultar_banco servidor=Servidor ERP - Postos host=mysaas.com.br porta=3307 filtro= dias=7
[25-Mar-2026 11:11:55 UTC] WORKER consultar_notas acao=consultar_banco servidor=Servidor ERP - Postos host=mysaas.com.br porta=3307 filtro= dias=7
[25-Mar-2026 11:11:56 UTC] WORKER consultar_notas acao=consultar_banco servidor=Servidor ERP - Postos host=mysaas.com.br porta=3307 filtro= dias=7
[25-Mar-2026 11:11:56 UTC] WORKER consultar_notas acao=consultar_banco servidor=Servidor ERP - Postos host=mysaas.com.br porta=3307 filtro= dias=7
[25-Mar-2026 11:11:56 UTC] WORKER consultar_notas acao=consultar_banco servidor=Servidor ERP - Postos host=mysaas.com.br porta=3307 filtro= dias=7
[25-Mar-2026 11:11:57 UTC] WORKER consultar_notas acao=consultar_banco servidor=Servidor ERP - Postos host=mysaas.com.br porta=3307 filtro= dias=7
[25-Mar-2026 11:11:57 UTC] WORKER consultar_notas acao=consultar_banco servidor=Servidor ERP - Postos host=mysaas.com.br porta=3307 filtro= dias=7
[25-Mar-2026 11:11:57 UTC] WORKER consultar_notas acao=consultar_banco servidor=Servidor ERP - Postos host=mysaas.com.br porta=3307 filtro= dias=7
[25-Mar-2026 11:11:57 UTC] WORKER consultar_notas acao=consultar_banco servidor=Servidor ERP - Postos host=mysaas.com.br porta=3307 filtro= dias=7
[25-Mar-2026 11:11:58 UTC] WORKER consultar_notas acao=consultar_banco servidor=Servidor ERP - Postos host=mysaas.com.br porta=3307 filtro= dias=7
[25-Mar-2026 11:11:59 UTC] WORKER consultar_notas acao=consultar_banco servidor=Servidor ERP - Postos host=mysaas.com.br porta=3307 filtro= dias=7
[25-Mar-2026 11:11:59 UTC] WORKER consultar_notas acao=consultar_banco servidor=Servidor ERP - Postos host=mysaas.com.br porta=3307 filtro= dias=7
[25-Mar-2026 11:12:00 UTC] WORKER consultar_notas acao=consultar_banco servidor=Servidor ERP - Postos host=mysaas.com.br porta=3307 filtro= dias=7
[25-Mar-2026 11:12:00 UTC] WORKER consultar_notas acao=consultar_banco servidor=Servidor ERP - Postos host=mysaas.com.br porta=3307 filtro= dias=7
[25-Mar-2026 11:12:02 UTC] WORKER consultar_notas acao=consultar_banco servidor=Servidor ERP - Postos host=mysaas.com.br porta=3307 filtro= dias=7
[25-Mar-2026 11:12:02 UTC] WORKER consultar_notas acao=consultar_banco servidor=Servidor ERP - Postos host=mysaas.com.br porta=3307 filtro= dias=7
[25-Mar-2026 11:12:02 UTC] WORKER consultar_notas acao=consultar_banco servidor=Servidor ERP - Postos host=mysaas.com.br porta=3307 filtro= dias=7
[25-Mar-2026 11:12:03 UTC] WORKER consultar_notas acao=consultar_banco servidor=Servidor ERP - Postos host=mysaas.com.br porta=3307 filtro= dias=7
[25-Mar-2026 11:12:03 UTC] WORKER consultar_notas acao=consultar_banco servidor=Servidor ERP - Postos host=mysaas.com.br porta=3307 filtro= dias=7
[25-Mar-2026 11:12:03 UTC] WORKER consultar_notas acao=consultar_banco servidor=Servidor ERP - Postos host=mysaas.com.br porta=3307 filtro= dias=7
[25-Mar-2026 11:12:04 UTC] WORKER consultar_notas acao=consultar_banco servidor=Servidor ERP - Postos host=mysaas.com.br porta=3307 filtro= dias=7
[25-Mar-2026 11:12:04 UTC] WORKER consultar_notas acao=consultar_banco servidor=Servidor ERP - Postos host=mysaas.com.br porta=3307 filtro= dias=7
[25-Mar-2026 11:12:05 UTC] WORKER consultar_notas acao=consultar_banco servidor=Servidor ERP - Postos host=mysaas.com.br porta=3307 filtro= dias=7
[25-Mar-2026 11:12:05 UTC] WORKER consultar_notas acao=consultar_banco servidor=Servidor ERP - Postos host=mysaas.com.br porta=3307 filtro= dias=7
[25-Mar-2026 11:12:06 UTC] WORKER consultar_notas acao=consultar_banco servidor=Servidor ERP - Postos host=mysaas.com.br porta=3307 filtro= dias=7
[25-Mar-2026 11:12:06 UTC] WORKER consultar_notas acao=consultar_banco servidor=Servidor ERP - Postos host=mysaas.com.br porta=3307 filtro= dias=7
[25-Mar-2026 11:12:08 UTC] WORKER consultar_notas acao=consultar_banco servidor=Servidor ERP - Postos host=mysaas.com.br porta=3307 filtro= dias=7
[25-Mar-2026 11:12:08 UTC] WORKER consultar_notas acao=consultar_banco servidor=Servidor ERP - Postos host=mysaas.com.br porta=3307 filtro= dias=7
[25-Mar-2026 11:12:09 UTC] WORKER consultar_notas acao=consultar_banco servidor=Servidor ERP - Postos host=mysaas.com.br porta=3307 filtro= dias=7
[25-Mar-2026 11:12:09 UTC] WORKER consultar_notas acao=consultar_banco servidor=Servidor ERP - Postos host=mysaas.com.br porta=3307 filtro= dias=7
[25-Mar-2026 11:12:11 UTC] WORKER consultar_notas acao=consultar_banco servidor=Servidor ERP - Postos host=mysaas.com.br porta=3307 filtro= dias=7
[25-Mar-2026 11:12:11 UTC] WORKER consultar_notas acao=consultar_banco servidor=Servidor ERP - Postos host=mysaas.com.br porta=3307 filtro= dias=7
[25-Mar-2026 11:12:11 UTC] WORKER consultar_notas acao=consultar_banco servidor=Servidor ERP - Postos host=mysaas.com.br porta=3307 filtro= dias=7
[25-Mar-2026 11:12:12 UTC] WORKER consultar_notas acao=consultar_banco servidor=Servidor ERP - Postos host=mysaas.com.br porta=3307 filtro= dias=7
[25-Mar-2026 11:12:12 UTC] WORKER consultar_notas acao=consultar_banco servidor=Servidor ERP - Postos host=mysaas.com.br porta=3307 filtro= dias=7
[25-Mar-2026 11:12:13 UTC] WORKER consultar_notas acao=consultar_banco servidor=Servidor ERP - Postos host=mysaas.com.br porta=3307 filtro= dias=7
[25-Mar-2026 11:12:13 UTC] WORKER consultar_notas acao=consultar_banco servidor=Servidor ERP - Postos host=mysaas.com.br porta=3307 filtro= dias=7
[25-Mar-2026 11:12:14 UTC] WORKER consultar_notas acao=consultar_banco servidor=Servidor Pelanda - Escritorio host=10.8.0.30 porta=3306 filtro= dias=7
[25-Mar-2026 11:12:15 UTC] WORKER consultar_notas acao=consultar_banco servidor=Servidor Pelanda - Escritorio host=10.8.0.30 porta=3306 filtro= dias=7
[25-Mar-2026 11:12:15 UTC] WORKER consultar_notas acao=consultar_banco servidor=Servidor Pelanda - Escritorio host=10.8.0.30 porta=3306 filtro= dias=7
[25-Mar-2026 11:12:15 UTC] WORKER consultar_notas acao=consultar_banco servidor=Servidor Pelanda - Escritorio host=10.8.0.30 porta=3306 filtro= dias=7
[25-Mar-2026 11:12:16 UTC] WORKER consultar_notas acao=consultar_banco servidor=Servidor Pelanda - Escritorio host=10.8.0.30 porta=3306 filtro= dias=7
[25-Mar-2026 11:12:16 UTC] WORKER consultar_notas acao=consultar_banco servidor=Servidor Pelanda - Escritorio host=10.8.0.30 porta=3306 filtro= dias=7
[25-Mar-2026 11:12:16 UTC] WORKER consultar_notas acao=consultar_banco servidor=Servidor Pelanda - Escritorio host=10.8.0.30 porta=3306 filtro= dias=7
[25-Mar-2026 11:12:16 UTC] WORKER consultar_notas acao=consultar_banco servidor=Servidor Pelanda - Escritorio host=10.8.0.30 porta=3306 filtro= dias=7
[25-Mar-2026 11:12:16 UTC] WORKER consultar_notas acao=consultar_banco servidor=Servidor Pelanda - Escritorio host=10.8.0.30 porta=3306 filtro= dias=7
[25-Mar-2026 11:12:17 UTC] WORKER consultar_notas acao=consultar_banco servidor=Servidor Pelanda - Escritorio host=10.8.0.30 porta=3306 filtro= dias=7
[25-Mar-2026 11:12:17 UTC] WORKER consultar_notas acao=consultar_banco servidor=Servidor Pelanda - Escritorio host=10.8.0.30 porta=3306 filtro= dias=7
[25-Mar-2026 11:12:17 UTC] WORKER consultar_notas acao=consultar_banco servidor=Servidor Pelanda - Escritorio host=10.8.0.30 porta=3306 filtro= dias=7
[25-Mar-2026 11:12:17 UTC] WORKER consultar_notas acao=consultar_banco servidor=Servidor Pelanda - Escritorio host=10.8.0.30 porta=3306 filtro= dias=7
[25-Mar-2026 11:12:18 UTC] WORKER consultar_notas acao=consultar_banco servidor=Servidor Pelanda - Escritorio host=10.8.0.30 porta=3306 filtro= dias=7
[25-Mar-2026 11:12:18 UTC] WORKER consultar_notas acao=consultar_banco servidor=Servidor Pelanda - Escritorio host=10.8.0.30 porta=3306 filtro= dias=7
[25-Mar-2026 11:12:18 UTC] WORKER consultar_notas acao=consultar_banco servidor=Servidor Pelanda - Escritorio host=10.8.0.30 porta=3306 filtro= dias=7
[25-Mar-2026 11:12:18 UTC] WORKER consultar_notas acao=consultar_banco servidor=Servidor Pelanda - Escritorio host=10.8.0.30 porta=3306 filtro= dias=7
[25-Mar-2026 11:12:19 UTC] WORKER consultar_notas acao=consultar_banco servidor=Servidor Pelanda - Escritorio host=10.8.0.30 porta=3306 filtro= dias=7
[25-Mar-2026 11:12:19 UTC] WORKER consultar_notas acao=consultar_banco servidor=Servidor Pelanda - Escritorio host=10.8.0.30 porta=3306 filtro= dias=7
[25-Mar-2026 11:12:19 UTC] WORKER consultar_notas acao=consultar_banco servidor=Servidor Mahle - Posto host=10.8.0.195 porta=3306 filtro= dias=7
[25-Mar-2026 11:12:20 UTC] WORKER consultar_notas acao=consultar_banco servidor=Servidor Mahle - Posto host=10.8.0.195 porta=3306 filtro= dias=7
[25-Mar-2026 11:12:20 UTC] WORKER consultar_notas acao=consultar_banco servidor=Servidor Mahle - Posto host=10.8.0.195 porta=3306 filtro= dias=7
[25-Mar-2026 11:12:20 UTC] WORKER consultar_notas acao=consultar_banco servidor=Servidor Mahle - Posto host=10.8.0.195 porta=3306 filtro= dias=7
[25-Mar-2026 11:12:20 UTC] WORKER consultar_notas acao=consultar_banco servidor=Servidor Mahle - Posto host=10.8.0.195 porta=3306 filtro= dias=7
[25-Mar-2026 11:12:20 UTC] WORKER consultar_notas acao=consultar_banco servidor=Servidor Mahle - Posto host=10.8.0.195 porta=3306 filtro= dias=7
[25-Mar-2026 11:12:20 UTC] WORKER consultar_notas acao=consultar_banco servidor=Servidor Mahle - Posto host=10.8.0.195 porta=3306 filtro= dias=7
[25-Mar-2026 11:12:21 UTC] WORKER consultar_notas acao=consultar_banco servidor=Servidor Mahle - Posto host=10.8.0.195 porta=3306 filtro= dias=7
[25-Mar-2026 11:12:21 UTC] WORKER consultar_notas acao=consultar_banco servidor=Servidor Mahle - Posto host=10.8.0.195 porta=3306 filtro= dias=7
[25-Mar-2026 11:12:21 UTC] WORKER consultar_notas acao=consultar_banco servidor=Servidor Mahle - Posto host=10.8.0.195 porta=3306 filtro= dias=7
[25-Mar-2026 11:12:21 UTC] WORKER consultar_notas acao=consultar_banco servidor=Servidor Mahle - Posto host=10.8.0.195 porta=3306 filtro= dias=7
[25-Mar-2026 11:12:22 UTC] WORKER consultar_notas acao=consultar_banco servidor=Servidor Mahle - Posto host=10.8.0.195 porta=3306 filtro= dias=7
