[24-Mar-2026 01:13:04 UTC] CONSULTAR_NOTAS pagina iniciada. executar=1 database= dias=7
[24-Mar-2026 01:13:04 UTC] CONSULTAR_NOTAS conectando servidor=Servidor ERP - MySAAS host=mysaas.com.br porta=3306
[24-Mar-2026 01:13:04 UTC] CONSULTAR_NOTAS verificando servidor=Servidor ERP - MySAAS database=information_schema
[24-Mar-2026 01:13:05 UTC] CONSULTAR_NOTAS verificando servidor=Servidor ERP - MySAAS database=atualizador
[24-Mar-2026 01:13:05 UTC] CONSULTAR_NOTAS verificando servidor=Servidor ERP - MySAAS database=benassi_bnf
[24-Mar-2026 01:13:06 UTC] CONSULTAR_NOTAS verificando servidor=Servidor ERP - MySAAS database=benassi_rs
[24-Mar-2026 01:13:07 UTC] CONSULTAR_NOTAS verificando servidor=Servidor ERP - MySAAS database=dw_bnf
[24-Mar-2026 01:13:07 UTC] CONSULTAR_NOTAS verificando servidor=Servidor ERP - MySAAS database=dw_katira
[24-Mar-2026 01:13:07 UTC] CONSULTAR_NOTAS verificando servidor=Servidor ERP - MySAAS database=dw_lerroville
[24-Mar-2026 01:13:08 UTC] CONSULTAR_NOTAS verificando servidor=Servidor ERP - MySAAS database=dw_logal
[24-Mar-2026 01:13:08 UTC] CONSULTAR_NOTAS verificando servidor=Servidor ERP - MySAAS database=dw_passarela
[24-Mar-2026 01:13:08 UTC] CONSULTAR_NOTAS verificando servidor=Servidor ERP - MySAAS database=dw_serra
[24-Mar-2026 01:13:08 UTC] CONSULTAR_NOTAS verificando servidor=Servidor ERP - MySAAS database=erp_aadya
[24-Mar-2026 01:13:09 UTC] CONSULTAR_NOTAS verificando servidor=Servidor ERP - MySAAS database=erp_aadya_notas
[24-Mar-2026 01:13:10 UTC] CONSULTAR_NOTAS verificando servidor=Servidor ERP - MySAAS database=erp_aadya_teste
[24-Mar-2026 01:13:10 UTC] CONSULTAR_NOTAS verificando servidor=Servidor ERP - MySAAS database=erp_adi
[24-Mar-2026 01:13:11 UTC] CONSULTAR_NOTAS verificando servidor=Servidor ERP - MySAAS database=erp_adi_notas
[24-Mar-2026 01:13:11 UTC] CONSULTAR_NOTAS verificando servidor=Servidor ERP - MySAAS database=erp_agropremium
[24-Mar-2026 01:13:12 UTC] CONSULTAR_NOTAS verificando servidor=Servidor ERP - MySAAS database=erp_alamon
[24-Mar-2026 01:13:12 UTC] CONSULTAR_NOTAS verificando servidor=Servidor ERP - MySAAS database=erp_alberts
[24-Mar-2026 01:13:13 UTC] CONSULTAR_NOTAS verificando servidor=Servidor ERP - MySAAS database=erp_amores
[24-Mar-2026 01:13:14 UTC] CONSULTAR_NOTAS verificando servidor=Servidor ERP - MySAAS database=erp_amores_notas
[24-Mar-2026 01:13:14 UTC] CONSULTAR_NOTAS verificando servidor=Servidor ERP - MySAAS database=erp_ariarte
[24-Mar-2026 01:13:15 UTC] CONSULTAR_NOTAS verificando servidor=Servidor ERP - MySAAS database=erp_ariarte_notas
[24-Mar-2026 01:13:15 UTC] CONSULTAR_NOTAS verificando servidor=Servidor ERP - MySAAS database=erp_artpaes
[24-Mar-2026 01:13:16 UTC] CONSULTAR_NOTAS verificando servidor=Servidor ERP - MySAAS database=erp_artpaes_notas
[24-Mar-2026 01:13:16 UTC] CONSULTAR_NOTAS verificando servidor=Servidor ERP - MySAAS database=erp_batatudinha
[24-Mar-2026 01:13:17 UTC] CONSULTAR_NOTAS resultado servidor=Servidor ERP - MySAAS database=erp_batatudinha quantidade=1
[24-Mar-2026 01:13:17 UTC] CONSULTAR_NOTAS verificando servidor=Servidor ERP - MySAAS database=erp_batatudinha_notas
[24-Mar-2026 01:13:17 UTC] CONSULTAR_NOTAS verificando servidor=Servidor ERP - MySAAS database=erp_batatudinha_sped
[24-Mar-2026 01:13:18 UTC] CONSULTAR_NOTAS verificando servidor=Servidor ERP - MySAAS database=erp_bertoni
[24-Mar-2026 01:13:18 UTC] CONSULTAR_NOTAS verificando servidor=Servidor ERP - MySAAS database=erp_bertoni_notas
[24-Mar-2026 01:13:19 UTC] CONSULTAR_NOTAS verificando servidor=Servidor ERP - MySAAS database=erp_bertoni_sped
[24-Mar-2026 01:13:19 UTC] CONSULTAR_NOTAS verificando servidor=Servidor ERP - MySAAS database=erp_bonvivant
[24-Mar-2026 01:13:20 UTC] CONSULTAR_NOTAS verificando servidor=Servidor ERP - MySAAS database=erp_bonvivant_notas
[24-Mar-2026 01:13:20 UTC] CONSULTAR_NOTAS verificando servidor=Servidor ERP - MySAAS database=erp_boom
[24-Mar-2026 01:13:21 UTC] CONSULTAR_NOTAS verificando servidor=Servidor ERP - MySAAS database=erp_boom_notas
[24-Mar-2026 01:13:21 UTC] CONSULTAR_NOTAS verificando servidor=Servidor ERP - MySAAS database=erp_boulevard
[24-Mar-2026 01:13:22 UTC] CONSULTAR_NOTAS resultado servidor=Servidor ERP - MySAAS database=erp_boulevard quantidade=4
[24-Mar-2026 01:13:22 UTC] CONSULTAR_NOTAS verificando servidor=Servidor ERP - MySAAS database=erp_boulevard_notas
[24-Mar-2026 01:13:22 UTC] CONSULTAR_NOTAS verificando servidor=Servidor ERP - MySAAS database=erp_caminhoverde
[24-Mar-2026 01:13:23 UTC] CONSULTAR_NOTAS verificando servidor=Servidor ERP - MySAAS database=erp_caminhoverde_notas
[24-Mar-2026 01:13:23 UTC] CONSULTAR_NOTAS verificando servidor=Servidor ERP - MySAAS database=erp_cleantotal
[24-Mar-2026 01:13:24 UTC] CONSULTAR_NOTAS verificando servidor=Servidor ERP - MySAAS database=erp_cmpetiscaria
[24-Mar-2026 01:13:25 UTC] CONSULTAR_NOTAS verificando servidor=Servidor ERP - MySAAS database=erp_consibra
[24-Mar-2026 01:13:26 UTC] CONSULTAR_NOTAS verificando servidor=Servidor ERP - MySAAS database=erp_consibra_notas
[24-Mar-2026 01:13:26 UTC] CONSULTAR_NOTAS verificando servidor=Servidor ERP - MySAAS database=erp_datbrasil
[24-Mar-2026 01:13:27 UTC] CONSULTAR_NOTAS verificando servidor=Servidor ERP - MySAAS database=erp_datbrasil_notas
[24-Mar-2026 01:13:27 UTC] CONSULTAR_NOTAS verificando servidor=Servidor ERP - MySAAS database=erp_datimpexp
[24-Mar-2026 01:13:28 UTC] CONSULTAR_NOTAS verificando servidor=Servidor ERP - MySAAS database=erp_datimpexp_notas
[24-Mar-2026 01:13:28 UTC] CONSULTAR_NOTAS verificando servidor=Servidor ERP - MySAAS database=erp_datisolamento
[24-Mar-2026 01:13:29 UTC] CONSULTAR_NOTAS verificando servidor=Servidor ERP - MySAAS database=erp_datisolamento_imp
[24-Mar-2026 01:13:30 UTC] CONSULTAR_NOTAS verificando servidor=Servidor ERP - MySAAS database=erp_datisolamento_imp_notas
[24-Mar-2026 01:13:30 UTC] CONSULTAR_NOTAS verificando servidor=Servidor ERP - MySAAS database=erp_datisolamento_notas
[24-Mar-2026 01:13:30 UTC] CONSULTAR_NOTAS verificando servidor=Servidor ERP - MySAAS database=erp_developer
[24-Mar-2026 01:13:31 UTC] CONSULTAR_NOTAS verificando servidor=Servidor ERP - MySAAS database=erp_developer_notas
[24-Mar-2026 01:13:31 UTC] CONSULTAR_NOTAS verificando servidor=Servidor ERP - MySAAS database=erp_droca
[24-Mar-2026 01:13:32 UTC] CONSULTAR_NOTAS verificando servidor=Servidor ERP - MySAAS database=erp_droca_notas
[24-Mar-2026 01:13:32 UTC] CONSULTAR_NOTAS verificando servidor=Servidor ERP - MySAAS database=erp_duobebidas
[24-Mar-2026 01:13:33 UTC] CONSULTAR_NOTAS verificando servidor=Servidor ERP - MySAAS database=erp_duobebidas_notas
[24-Mar-2026 01:13:33 UTC] CONSULTAR_NOTAS verificando servidor=Servidor ERP - MySAAS database=erp_ebenezer
[24-Mar-2026 01:13:34 UTC] CONSULTAR_NOTAS verificando servidor=Servidor ERP - MySAAS database=erp_ebenezer_notas
[24-Mar-2026 01:13:35 UTC] CONSULTAR_NOTAS verificando servidor=Servidor ERP - MySAAS database=erp_edeme
[24-Mar-2026 01:13:35 UTC] CONSULTAR_NOTAS verificando servidor=Servidor ERP - MySAAS database=erp_edeme_notas
[24-Mar-2026 01:13:36 UTC] CONSULTAR_NOTAS verificando servidor=Servidor ERP - MySAAS database=erp_emporio
[24-Mar-2026 01:13:36 UTC] CONSULTAR_NOTAS verificando servidor=Servidor ERP - MySAAS database=erp_emporio_notas
[24-Mar-2026 01:13:37 UTC] CONSULTAR_NOTAS verificando servidor=Servidor ERP - MySAAS database=erp_engtanks
[24-Mar-2026 01:13:37 UTC] CONSULTAR_NOTAS verificando servidor=Servidor ERP - MySAAS database=erp_engtanks_notas
[24-Mar-2026 01:13:38 UTC] CONSULTAR_NOTAS verificando servidor=Servidor ERP - MySAAS database=erp_espetinho
[24-Mar-2026 01:13:39 UTC] CONSULTAR_NOTAS verificando servidor=Servidor ERP - MySAAS database=erp_espetinho_notas
[24-Mar-2026 01:13:39 UTC] CONSULTAR_NOTAS verificando servidor=Servidor ERP - MySAAS database=erp_fekafe
[24-Mar-2026 01:13:40 UTC] CONSULTAR_NOTAS verificando servidor=Servidor ERP - MySAAS database=erp_florestal
[24-Mar-2026 01:13:40 UTC] CONSULTAR_NOTAS verificando servidor=Servidor ERP - MySAAS database=erp_florestal_notas
[24-Mar-2026 01:13:41 UTC] CONSULTAR_NOTAS verificando servidor=Servidor ERP - MySAAS database=erp_florestal_teste
[24-Mar-2026 01:13:41 UTC] CONSULTAR_NOTAS verificando servidor=Servidor ERP - MySAAS database=erp_formular
[24-Mar-2026 01:13:42 UTC] CONSULTAR_NOTAS verificando servidor=Servidor ERP - MySAAS database=erp_frfrutas
[24-Mar-2026 01:13:43 UTC] CONSULTAR_NOTAS verificando servidor=Servidor ERP - MySAAS database=erp_frfrutas_notas
[24-Mar-2026 01:13:43 UTC] CONSULTAR_NOTAS verificando servidor=Servidor ERP - MySAAS database=erp_gardenfruit
[24-Mar-2026 01:13:44 UTC] CONSULTAR_NOTAS verificando servidor=Servidor ERP - MySAAS database=erp_gigtek
[24-Mar-2026 01:13:45 UTC] CONSULTAR_NOTAS verificando servidor=Servidor ERP - MySAAS database=erp_grabiscaia
[24-Mar-2026 01:13:46 UTC] CONSULTAR_NOTAS verificando servidor=Servidor ERP - MySAAS database=erp_grabiscaia_notas
[24-Mar-2026 01:13:46 UTC] CONSULTAR_NOTAS verificando servidor=Servidor ERP - MySAAS database=erp_hortadoprincipe
[24-Mar-2026 01:13:47 UTC] CONSULTAR_NOTAS verificando servidor=Servidor ERP - MySAAS database=erp_iatskiu
[24-Mar-2026 01:13:47 UTC] CONSULTAR_NOTAS verificando servidor=Servidor ERP - MySAAS database=erp_iatskiu_notas
[24-Mar-2026 01:13:48 UTC] CONSULTAR_NOTAS verificando servidor=Servidor ERP - MySAAS database=erp_inbrasfama
[24-Mar-2026 01:13:48 UTC] CONSULTAR_NOTAS verificando servidor=Servidor ERP - MySAAS database=erp_inbrasfama_notas
[24-Mar-2026 01:13:49 UTC] CONSULTAR_NOTAS verificando servidor=Servidor ERP - MySAAS database=erp_jcr
[24-Mar-2026 01:13:50 UTC] CONSULTAR_NOTAS verificando servidor=Servidor ERP - MySAAS database=erp_jcr_notas
[24-Mar-2026 01:13:50 UTC] CONSULTAR_NOTAS verificando servidor=Servidor ERP - MySAAS database=erp_jcr_teste
[24-Mar-2026 01:13:51 UTC] CONSULTAR_NOTAS verificando servidor=Servidor ERP - MySAAS database=erp_jcv
[24-Mar-2026 01:13:51 UTC] CONSULTAR_NOTAS verificando servidor=Servidor ERP - MySAAS database=erp_jds
[24-Mar-2026 01:13:52 UTC] CONSULTAR_NOTAS verificando servidor=Servidor ERP - MySAAS database=erp_jds_notas
[24-Mar-2026 01:13:53 UTC] CONSULTAR_NOTAS verificando servidor=Servidor ERP - MySAAS database=erp_kalamata
[24-Mar-2026 01:13:53 UTC] CONSULTAR_NOTAS verificando servidor=Servidor ERP - MySAAS database=erp_kalamata_notas
[24-Mar-2026 01:13:54 UTC] CONSULTAR_NOTAS verificando servidor=Servidor ERP - MySAAS database=erp_kalamata_sped
[24-Mar-2026 01:13:54 UTC] CONSULTAR_NOTAS verificando servidor=Servidor ERP - MySAAS database=erp_katira
[24-Mar-2026 01:13:55 UTC] CONSULTAR_NOTAS verificando servidor=Servidor ERP - MySAAS database=erp_katira_notas
[24-Mar-2026 01:13:55 UTC] CONSULTAR_NOTAS verificando servidor=Servidor ERP - MySAAS database=erp_katira_r
[24-Mar-2026 01:13:56 UTC] CONSULTAR_NOTAS verificando servidor=Servidor ERP - MySAAS database=erp_km42
[24-Mar-2026 01:13:56 UTC] CONSULTAR_NOTAS verificando servidor=Servidor ERP - MySAAS database=erp_ladeffi
[24-Mar-2026 01:13:57 UTC] CONSULTAR_NOTAS verificando servidor=Servidor ERP - MySAAS database=erp_ladeffi_notas
[24-Mar-2026 01:13:57 UTC] CONSULTAR_NOTAS verificando servidor=Servidor ERP - MySAAS database=erp_lanchao
[24-Mar-2026 01:13:58 UTC] CONSULTAR_NOTAS verificando servidor=Servidor ERP - MySAAS database=erp_lanchao_notas
[24-Mar-2026 01:13:58 UTC] CONSULTAR_NOTAS verificando servidor=Servidor ERP - MySAAS database=erp_lanchao_sped
[24-Mar-2026 01:13:58 UTC] CONSULTAR_NOTAS verificando servidor=Servidor ERP - MySAAS database=erp_lap
[24-Mar-2026 01:13:59 UTC] CONSULTAR_NOTAS verificando servidor=Servidor ERP - MySAAS database=erp_lap_notas
[24-Mar-2026 01:14:00 UTC] CONSULTAR_NOTAS verificando servidor=Servidor ERP - MySAAS database=erp_lerroville
[24-Mar-2026 01:14:00 UTC] CONSULTAR_NOTAS verificando servidor=Servidor ERP - MySAAS database=erp_lerroville_notas
[24-Mar-2026 01:14:01 UTC] CONSULTAR_NOTAS verificando servidor=Servidor ERP - MySAAS database=erp_lerroville_teste
[24-Mar-2026 01:14:01 UTC] CONSULTAR_NOTAS verificando servidor=Servidor ERP - MySAAS database=erp_lerroville_teste_nf
[24-Mar-2026 01:14:02 UTC] CONSULTAR_NOTAS verificando servidor=Servidor ERP - MySAAS database=erp_limaadvogados
[24-Mar-2026 01:14:02 UTC] CONSULTAR_NOTAS verificando servidor=Servidor ERP - MySAAS database=erp_logal
[24-Mar-2026 01:14:03 UTC] CONSULTAR_NOTAS verificando servidor=Servidor ERP - MySAAS database=erp_logal_notas
[24-Mar-2026 01:14:04 UTC] CONSULTAR_NOTAS verificando servidor=Servidor ERP - MySAAS database=erp_logal_r
[24-Mar-2026 01:14:04 UTC] CONSULTAR_NOTAS verificando servidor=Servidor ERP - MySAAS database=erp_londrimassa
[24-Mar-2026 01:14:05 UTC] CONSULTAR_NOTAS verificando servidor=Servidor ERP - MySAAS database=erp_maisclean
[24-Mar-2026 01:14:06 UTC] CONSULTAR_NOTAS verificando servidor=Servidor ERP - MySAAS database=erp_malte
[24-Mar-2026 01:14:07 UTC] CONSULTAR_NOTAS verificando servidor=Servidor ERP - MySAAS database=erp_malte_notas
[24-Mar-2026 01:14:07 UTC] CONSULTAR_NOTAS verificando servidor=Servidor ERP - MySAAS database=erp_malui_cc
[24-Mar-2026 01:14:08 UTC] CONSULTAR_NOTAS verificando servidor=Servidor ERP - MySAAS database=erp_malui_cc_notas
[24-Mar-2026 01:14:08 UTC] CONSULTAR_NOTAS verificando servidor=Servidor ERP - MySAAS database=erp_mc
[24-Mar-2026 01:14:09 UTC] CONSULTAR_NOTAS verificando servidor=Servidor ERP - MySAAS database=erp_mc_notas
[24-Mar-2026 01:14:09 UTC] CONSULTAR_NOTAS verificando servidor=Servidor ERP - MySAAS database=erp_milk
[24-Mar-2026 01:14:10 UTC] CONSULTAR_NOTAS verificando servidor=Servidor ERP - MySAAS database=erp_milk_notas
[24-Mar-2026 01:14:10 UTC] CONSULTAR_NOTAS verificando servidor=Servidor ERP - MySAAS database=erp_milkjockey
[24-Mar-2026 01:14:11 UTC] CONSULTAR_NOTAS verificando servidor=Servidor ERP - MySAAS database=erp_milkjockey_notas
[24-Mar-2026 01:14:11 UTC] CONSULTAR_NOTAS verificando servidor=Servidor ERP - MySAAS database=erp_milkmaringa
[24-Mar-2026 01:14:12 UTC] CONSULTAR_NOTAS verificando servidor=Servidor ERP - MySAAS database=erp_milkmaringa_notas
[24-Mar-2026 01:14:12 UTC] CONSULTAR_NOTAS verificando servidor=Servidor ERP - MySAAS database=erp_milksouq
[24-Mar-2026 01:14:13 UTC] CONSULTAR_NOTAS verificando servidor=Servidor ERP - MySAAS database=erp_milksouq_notas
[24-Mar-2026 01:14:13 UTC] CONSULTAR_NOTAS verificando servidor=Servidor ERP - MySAAS database=erp_mirandinha
[24-Mar-2026 01:14:14 UTC] CONSULTAR_NOTAS verificando servidor=Servidor ERP - MySAAS database=erp_mirandinha_notas
[24-Mar-2026 01:14:14 UTC] CONSULTAR_NOTAS verificando servidor=Servidor ERP - MySAAS database=erp_monte_verde
[24-Mar-2026 01:14:15 UTC] CONSULTAR_NOTAS verificando servidor=Servidor ERP - MySAAS database=erp_ms
[24-Mar-2026 01:14:16 UTC] CONSULTAR_NOTAS verificando servidor=Servidor ERP - MySAAS database=erp_ms_notas
[24-Mar-2026 01:14:16 UTC] CONSULTAR_NOTAS verificando servidor=Servidor ERP - MySAAS database=erp_nonna
[24-Mar-2026 01:14:17 UTC] CONSULTAR_NOTAS verificando servidor=Servidor ERP - MySAAS database=erp_nonna_notas
[24-Mar-2026 01:14:17 UTC] CONSULTAR_NOTAS verificando servidor=Servidor ERP - MySAAS database=erp_ohmygoshcafe
[24-Mar-2026 01:14:18 UTC] CONSULTAR_NOTAS resultado servidor=Servidor ERP - MySAAS database=erp_ohmygoshcafe quantidade=7
[24-Mar-2026 01:14:18 UTC] CONSULTAR_NOTAS verificando servidor=Servidor ERP - MySAAS database=erp_ohmygoshcafe_notas
[24-Mar-2026 01:14:18 UTC] CONSULTAR_NOTAS verificando servidor=Servidor ERP - MySAAS database=erp_origens
[24-Mar-2026 01:14:19 UTC] CONSULTAR_NOTAS verificando servidor=Servidor ERP - MySAAS database=erp_origens_notas
[24-Mar-2026 01:14:20 UTC] CONSULTAR_NOTAS verificando servidor=Servidor ERP - MySAAS database=erp_pack
[24-Mar-2026 01:14:20 UTC] CONSULTAR_NOTAS verificando servidor=Servidor ERP - MySAAS database=erp_pack_notas
[24-Mar-2026 01:14:21 UTC] CONSULTAR_NOTAS verificando servidor=Servidor ERP - MySAAS database=erp_pack_teste
[24-Mar-2026 01:14:21 UTC] CONSULTAR_NOTAS verificando servidor=Servidor ERP - MySAAS database=erp_packplus
[24-Mar-2026 01:14:22 UTC] CONSULTAR_NOTAS verificando servidor=Servidor ERP - MySAAS database=erp_packplus_notas
[24-Mar-2026 01:14:22 UTC] CONSULTAR_NOTAS verificando servidor=Servidor ERP - MySAAS database=erp_padcarioca
[24-Mar-2026 01:14:23 UTC] CONSULTAR_NOTAS verificando servidor=Servidor ERP - MySAAS database=erp_padcarioca_notas
[24-Mar-2026 01:14:24 UTC] CONSULTAR_NOTAS verificando servidor=Servidor ERP - MySAAS database=erp_panamex
[24-Mar-2026 01:14:24 UTC] CONSULTAR_NOTAS verificando servidor=Servidor ERP - MySAAS database=erp_panamex_back
[24-Mar-2026 01:14:25 UTC] CONSULTAR_NOTAS verificando servidor=Servidor ERP - MySAAS database=erp_panamex_notas
[24-Mar-2026 01:14:25 UTC] CONSULTAR_NOTAS verificando servidor=Servidor ERP - MySAAS database=erp_pedaserra
[24-Mar-2026 01:14:26 UTC] CONSULTAR_NOTAS verificando servidor=Servidor ERP - MySAAS database=erp_pedaserra_notas
[24-Mar-2026 01:14:26 UTC] CONSULTAR_NOTAS verificando servidor=Servidor ERP - MySAAS database=erp_pedrapolida_notas
[24-Mar-2026 01:14:26 UTC] CONSULTAR_NOTAS verificando servidor=Servidor ERP - MySAAS database=erp_pontovip
[24-Mar-2026 01:14:27 UTC] CONSULTAR_NOTAS verificando servidor=Servidor ERP - MySAAS database=erp_projetmoveis
[24-Mar-2026 01:14:28 UTC] CONSULTAR_NOTAS verificando servidor=Servidor ERP - MySAAS database=erp_projetmoveis_notas
[24-Mar-2026 01:14:28 UTC] CONSULTAR_NOTAS verificando servidor=Servidor ERP - MySAAS database=erp_qb
[24-Mar-2026 01:14:29 UTC] CONSULTAR_NOTAS verificando servidor=Servidor ERP - MySAAS database=erp_rafa
[24-Mar-2026 01:14:30 UTC] CONSULTAR_NOTAS verificando servidor=Servidor ERP - MySAAS database=erp_rafa_notas
[24-Mar-2026 01:14:30 UTC] CONSULTAR_NOTAS verificando servidor=Servidor ERP - MySAAS database=erp_ranchinho
[24-Mar-2026 01:14:31 UTC] CONSULTAR_NOTAS verificando servidor=Servidor ERP - MySAAS database=erp_ranchinho_notas
[24-Mar-2026 01:14:31 UTC] CONSULTAR_NOTAS verificando servidor=Servidor ERP - MySAAS database=erp_rancho
[24-Mar-2026 01:14:32 UTC] CONSULTAR_NOTAS verificando servidor=Servidor ERP - MySAAS database=erp_rancho_notas
[24-Mar-2026 01:14:32 UTC] CONSULTAR_NOTAS verificando servidor=Servidor ERP - MySAAS database=erp_rancho_sped
[24-Mar-2026 01:14:32 UTC] CONSULTAR_NOTAS verificando servidor=Servidor ERP - MySAAS database=erp_recantodabarra
[24-Mar-2026 01:14:33 UTC] CONSULTAR_NOTAS verificando servidor=Servidor ERP - MySAAS database=erp_recantodabarra_notas
[24-Mar-2026 01:14:33 UTC] CONSULTAR_NOTAS verificando servidor=Servidor ERP - MySAAS database=erp_richter
[24-Mar-2026 01:14:34 UTC] CONSULTAR_NOTAS verificando servidor=Servidor ERP - MySAAS database=erp_richter_notas
[24-Mar-2026 01:14:35 UTC] CONSULTAR_NOTAS verificando servidor=Servidor ERP - MySAAS database=erp_rj
[24-Mar-2026 01:14:35 UTC] CONSULTAR_NOTAS verificando servidor=Servidor ERP - MySAAS database=erp_rj_notas
[24-Mar-2026 01:14:36 UTC] CONSULTAR_NOTAS verificando servidor=Servidor ERP - MySAAS database=erp_road
[24-Mar-2026 01:14:37 UTC] CONSULTAR_NOTAS verificando servidor=Servidor ERP - MySAAS database=erp_rocknmovie
[24-Mar-2026 01:14:37 UTC] CONSULTAR_NOTAS verificando servidor=Servidor ERP - MySAAS database=erp_rocknmovie_notas
[24-Mar-2026 01:14:38 UTC] CONSULTAR_NOTAS verificando servidor=Servidor ERP - MySAAS database=erp_serra_azul
[24-Mar-2026 01:14:38 UTC] CONSULTAR_NOTAS verificando servidor=Servidor ERP - MySAAS database=erp_serraazul
[24-Mar-2026 01:14:39 UTC] CONSULTAR_NOTAS verificando servidor=Servidor ERP - MySAAS database=erp_sobolos
[24-Mar-2026 01:14:40 UTC] CONSULTAR_NOTAS verificando servidor=Servidor ERP - MySAAS database=erp_sobolos_notas
[24-Mar-2026 01:14:40 UTC] CONSULTAR_NOTAS verificando servidor=Servidor ERP - MySAAS database=erp_stoc
[24-Mar-2026 01:14:41 UTC] CONSULTAR_NOTAS verificando servidor=Servidor ERP - MySAAS database=erp_stoc_notas
[24-Mar-2026 01:14:42 UTC] CONSULTAR_NOTAS verificando servidor=Servidor ERP - MySAAS database=erp_studiomy
[24-Mar-2026 01:14:43 UTC] CONSULTAR_NOTAS verificando servidor=Servidor ERP - MySAAS database=erp_tabas
[24-Mar-2026 01:14:44 UTC] CONSULTAR_NOTAS verificando servidor=Servidor ERP - MySAAS database=erp_tabas_notas
[24-Mar-2026 01:14:44 UTC] CONSULTAR_NOTAS verificando servidor=Servidor ERP - MySAAS database=erp_techplus
[24-Mar-2026 01:14:45 UTC] CONSULTAR_NOTAS verificando servidor=Servidor ERP - MySAAS database=erp_techplus_notas
[24-Mar-2026 01:14:45 UTC] CONSULTAR_NOTAS verificando servidor=Servidor ERP - MySAAS database=erp_tiozico
[24-Mar-2026 01:14:46 UTC] CONSULTAR_NOTAS verificando servidor=Servidor ERP - MySAAS database=erp_tiozico_notas
[24-Mar-2026 01:14:47 UTC] CONSULTAR_NOTAS verificando servidor=Servidor ERP - MySAAS database=erp_titaduarte
[24-Mar-2026 01:14:48 UTC] CONSULTAR_NOTAS verificando servidor=Servidor ERP - MySAAS database=erp_topfitness
[24-Mar-2026 01:14:49 UTC] CONSULTAR_NOTAS verificando servidor=Servidor ERP - MySAAS database=erp_trufasdaxuxu
[24-Mar-2026 01:14:49 UTC] CONSULTAR_NOTAS verificando servidor=Servidor ERP - MySAAS database=erp_trufasdaxuxu_notas
[24-Mar-2026 01:14:50 UTC] CONSULTAR_NOTAS verificando servidor=Servidor ERP - MySAAS database=erp_vac
[24-Mar-2026 01:14:51 UTC] CONSULTAR_NOTAS verificando servidor=Servidor ERP - MySAAS database=erp_vacbrasil
[24-Mar-2026 01:14:52 UTC] CONSULTAR_NOTAS verificando servidor=Servidor ERP - MySAAS database=erp_vacbrasil_notas
[24-Mar-2026 01:14:52 UTC] CONSULTAR_NOTAS verificando servidor=Servidor ERP - MySAAS database=erp_vendetta
[24-Mar-2026 01:14:53 UTC] CONSULTAR_NOTAS verificando servidor=Servidor ERP - MySAAS database=erp_vendetta_notas
[24-Mar-2026 01:14:53 UTC] CONSULTAR_NOTAS verificando servidor=Servidor ERP - MySAAS database=erp_ventarolas
[24-Mar-2026 01:14:54 UTC] CONSULTAR_NOTAS resultado servidor=Servidor ERP - MySAAS database=erp_ventarolas quantidade=1
[24-Mar-2026 01:14:54 UTC] CONSULTAR_NOTAS verificando servidor=Servidor ERP - MySAAS database=erp_ventarolas_notas
[24-Mar-2026 01:14:55 UTC] CONSULTAR_NOTAS verificando servidor=Servidor ERP - MySAAS database=erp_victos
[24-Mar-2026 01:14:55 UTC] CONSULTAR_NOTAS verificando servidor=Servidor ERP - MySAAS database=erp_voiolanda
[24-Mar-2026 01:14:56 UTC] CONSULTAR_NOTAS verificando servidor=Servidor ERP - MySAAS database=erp_wrk
[24-Mar-2026 01:14:57 UTC] CONSULTAR_NOTAS verificando servidor=Servidor ERP - MySAAS database=erp_wrk_notas
[24-Mar-2026 01:14:57 UTC] CONSULTAR_NOTAS verificando servidor=Servidor ERP - MySAAS database=erp_yodel
[24-Mar-2026 01:14:58 UTC] CONSULTAR_NOTAS verificando servidor=Servidor ERP - MySAAS database=erp_yodel_notas
[24-Mar-2026 01:14:58 UTC] CONSULTAR_NOTAS verificando servidor=Servidor ERP - MySAAS database=erp_yodel_sped
[24-Mar-2026 01:14:59 UTC] CONSULTAR_NOTAS verificando servidor=Servidor ERP - MySAAS database=ios
[24-Mar-2026 01:14:59 UTC] CONSULTAR_NOTAS verificando servidor=Servidor ERP - MySAAS database=lixo
[24-Mar-2026 01:14:59 UTC] CONSULTAR_NOTAS verificando servidor=Servidor ERP - MySAAS database=log_batatudinha
[24-Mar-2026 01:15:00 UTC] CONSULTAR_NOTAS verificando servidor=Servidor ERP - MySAAS database=log_boulevard
[24-Mar-2026 01:15:00 UTC] CONSULTAR_NOTAS verificando servidor=Servidor ERP - MySAAS database=log_datisolamento
[24-Mar-2026 01:15:00 UTC] CONSULTAR_NOTAS verificando servidor=Servidor ERP - MySAAS database=log_espetinho
[24-Mar-2026 01:15:01 UTC] CONSULTAR_NOTAS verificando servidor=Servidor ERP - MySAAS database=log_formular
[24-Mar-2026 01:15:01 UTC] CONSULTAR_NOTAS verificando servidor=Servidor ERP - MySAAS database=log_malui_cc
[24-Mar-2026 01:15:01 UTC] CONSULTAR_NOTAS verificando servidor=Servidor ERP - MySAAS database=log_malui_fc
[24-Mar-2026 01:15:02 UTC] CONSULTAR_NOTAS verificando servidor=Servidor ERP - MySAAS database=log_malui_mg
[24-Mar-2026 01:15:02 UTC] CONSULTAR_NOTAS verificando servidor=Servidor ERP - MySAAS database=log_malui_pg
[24-Mar-2026 01:15:02 UTC] CONSULTAR_NOTAS verificando servidor=Servidor ERP - MySAAS database=log_mirandinha
[24-Mar-2026 01:15:02 UTC] CONSULTAR_NOTAS verificando servidor=Servidor ERP - MySAAS database=log_ohmygoshcafe
[24-Mar-2026 01:15:03 UTC] CONSULTAR_NOTAS verificando servidor=Servidor ERP - MySAAS database=log_padcarioca
[24-Mar-2026 01:15:03 UTC] CONSULTAR_NOTAS verificando servidor=Servidor ERP - MySAAS database=log_pedaserra
[24-Mar-2026 01:15:03 UTC] CONSULTAR_NOTAS verificando servidor=Servidor ERP - MySAAS database=log_ranchinho
[24-Mar-2026 01:15:04 UTC] CONSULTAR_NOTAS verificando servidor=Servidor ERP - MySAAS database=log_recantodabarra
[24-Mar-2026 01:15:04 UTC] CONSULTAR_NOTAS verificando servidor=Servidor ERP - MySAAS database=log_rest_ivankio
[24-Mar-2026 01:15:04 UTC] CONSULTAR_NOTAS verificando servidor=Servidor ERP - MySAAS database=log_tabas
[24-Mar-2026 01:15:05 UTC] CONSULTAR_NOTAS verificando servidor=Servidor ERP - MySAAS database=log_trufasdaxuxu
[24-Mar-2026 01:15:05 UTC] CONSULTAR_NOTAS verificando servidor=Servidor ERP - MySAAS database=logs
[24-Mar-2026 01:15:05 UTC] CONSULTAR_NOTAS verificando servidor=Servidor ERP - MySAAS database=malhas_mm
[24-Mar-2026 01:15:06 UTC] CONSULTAR_NOTAS verificando servidor=Servidor ERP - MySAAS database=malui_cc
[24-Mar-2026 01:15:07 UTC] CONSULTAR_NOTAS verificando servidor=Servidor ERP - MySAAS database=malui_fc
[24-Mar-2026 01:15:08 UTC] CONSULTAR_NOTAS verificando servidor=Servidor ERP - MySAAS database=malui_mg
[24-Mar-2026 01:15:08 UTC] CONSULTAR_NOTAS verificando servidor=Servidor ERP - MySAAS database=malui_pg
[24-Mar-2026 01:15:09 UTC] CONSULTAR_NOTAS verificando servidor=Servidor ERP - MySAAS database=malui_teste
[24-Mar-2026 01:15:10 UTC] CONSULTAR_NOTAS verificando servidor=Servidor ERP - MySAAS database=monte_verde
[24-Mar-2026 01:15:11 UTC] CONSULTAR_NOTAS verificando servidor=Servidor ERP - MySAAS database=mysoft
[24-Mar-2026 01:15:11 UTC] CONSULTAR_NOTAS verificando servidor=Servidor ERP - MySAAS database=mysoft_emissor
[24-Mar-2026 01:15:11 UTC] CONSULTAR_NOTAS verificando servidor=Servidor ERP - MySAAS database=mysoft_logs
[24-Mar-2026 01:15:12 UTC] CONSULTAR_NOTAS verificando servidor=Servidor ERP - MySAAS database=mysql
[24-Mar-2026 01:15:12 UTC] CONSULTAR_NOTAS verificando servidor=Servidor ERP - MySAAS database=nfe3_alianca
[24-Mar-2026 01:15:13 UTC] CONSULTAR_NOTAS verificando servidor=Servidor ERP - MySAAS database=nfe3_alianca_notas
[24-Mar-2026 01:15:13 UTC] CONSULTAR_NOTAS verificando servidor=Servidor ERP - MySAAS database=nfe3_anselmo_notas
[24-Mar-2026 01:15:13 UTC] CONSULTAR_NOTAS verificando servidor=Servidor ERP - MySAAS database=nfe3_any_notas
[24-Mar-2026 01:15:14 UTC] CONSULTAR_NOTAS verificando servidor=Servidor ERP - MySAAS database=nfe3_bodnar
[24-Mar-2026 01:15:14 UTC] CONSULTAR_NOTAS verificando servidor=Servidor ERP - MySAAS database=nfe3_bodnar_notas
[24-Mar-2026 01:15:15 UTC] CONSULTAR_NOTAS verificando servidor=Servidor ERP - MySAAS database=nfe3_capeleto
[24-Mar-2026 01:15:15 UTC] CONSULTAR_NOTAS verificando servidor=Servidor ERP - MySAAS database=nfe3_capeleto_notas
[24-Mar-2026 01:15:16 UTC] CONSULTAR_NOTAS verificando servidor=Servidor ERP - MySAAS database=nfe3_elero
[24-Mar-2026 01:15:16 UTC] CONSULTAR_NOTAS verificando servidor=Servidor ERP - MySAAS database=nfe3_elero_notas
[24-Mar-2026 01:15:17 UTC] CONSULTAR_NOTAS verificando servidor=Servidor ERP - MySAAS database=nfe3_ferraltech
[24-Mar-2026 01:15:18 UTC] CONSULTAR_NOTAS verificando servidor=Servidor ERP - MySAAS database=nfe3_ferraltech_notas
[24-Mar-2026 01:15:18 UTC] CONSULTAR_NOTAS verificando servidor=Servidor ERP - MySAAS database=nfe3_lfprestes_notas
[24-Mar-2026 01:15:18 UTC] CONSULTAR_NOTAS verificando servidor=Servidor ERP - MySAAS database=nfe3_licicamp_notas
[24-Mar-2026 01:15:18 UTC] CONSULTAR_NOTAS verificando servidor=Servidor ERP - MySAAS database=nfe3_lmos
[24-Mar-2026 01:15:19 UTC] CONSULTAR_NOTAS verificando servidor=Servidor ERP - MySAAS database=nfe3_lmos_notas
[24-Mar-2026 01:15:19 UTC] CONSULTAR_NOTAS verificando servidor=Servidor ERP - MySAAS database=nfe3_magfer
[24-Mar-2026 01:15:20 UTC] CONSULTAR_NOTAS verificando servidor=Servidor ERP - MySAAS database=nfe3_magfer_notas
[24-Mar-2026 01:15:21 UTC] CONSULTAR_NOTAS verificando servidor=Servidor ERP - MySAAS database=nfe3_meira
[24-Mar-2026 01:15:21 UTC] CONSULTAR_NOTAS verificando servidor=Servidor ERP - MySAAS database=nfe3_meira_notas
[24-Mar-2026 01:15:22 UTC] CONSULTAR_NOTAS verificando servidor=Servidor ERP - MySAAS database=nfe3_nutricosme
[24-Mar-2026 01:15:22 UTC] CONSULTAR_NOTAS verificando servidor=Servidor ERP - MySAAS database=nfe3_nutricosme_notas
[24-Mar-2026 01:15:23 UTC] CONSULTAR_NOTAS verificando servidor=Servidor ERP - MySAAS database=nfe3_oening
[24-Mar-2026 01:15:23 UTC] CONSULTAR_NOTAS verificando servidor=Servidor ERP - MySAAS database=nfe3_oening_notas
[24-Mar-2026 01:15:24 UTC] CONSULTAR_NOTAS verificando servidor=Servidor ERP - MySAAS database=nfe3_oliveira
[24-Mar-2026 01:15:25 UTC] CONSULTAR_NOTAS verificando servidor=Servidor ERP - MySAAS database=nfe3_oliveira_notas
[24-Mar-2026 01:15:25 UTC] CONSULTAR_NOTAS verificando servidor=Servidor ERP - MySAAS database=nfe3_piacentini
[24-Mar-2026 01:15:26 UTC] CONSULTAR_NOTAS verificando servidor=Servidor ERP - MySAAS database=nfe3_piacentini_notas
[24-Mar-2026 01:15:26 UTC] CONSULTAR_NOTAS verificando servidor=Servidor ERP - MySAAS database=nfe3_piloneto
[24-Mar-2026 01:15:27 UTC] CONSULTAR_NOTAS verificando servidor=Servidor ERP - MySAAS database=nfe3_piloneto_notas
[24-Mar-2026 01:15:27 UTC] CONSULTAR_NOTAS verificando servidor=Servidor ERP - MySAAS database=nfe3_qb
[24-Mar-2026 01:15:28 UTC] CONSULTAR_NOTAS verificando servidor=Servidor ERP - MySAAS database=nfe3_qb_notas
[24-Mar-2026 01:15:28 UTC] CONSULTAR_NOTAS verificando servidor=Servidor ERP - MySAAS database=nfe3_rosvadoski
[24-Mar-2026 01:15:29 UTC] CONSULTAR_NOTAS verificando servidor=Servidor ERP - MySAAS database=nfe3_rosvadoski_notas
[24-Mar-2026 01:15:29 UTC] CONSULTAR_NOTAS verificando servidor=Servidor ERP - MySAAS database=nfe3_serraria
[24-Mar-2026 01:15:29 UTC] CONSULTAR_NOTAS verificando servidor=Servidor ERP - MySAAS database=nfe3_smd
[24-Mar-2026 01:15:30 UTC] CONSULTAR_NOTAS verificando servidor=Servidor ERP - MySAAS database=nfe3_smd_notas
[24-Mar-2026 01:15:31 UTC] CONSULTAR_NOTAS verificando servidor=Servidor ERP - MySAAS database=nfe3_tubosleal_notas
[24-Mar-2026 01:15:31 UTC] CONSULTAR_NOTAS verificando servidor=Servidor ERP - MySAAS database=nfe_benafrutti
[24-Mar-2026 01:15:31 UTC] CONSULTAR_NOTAS verificando servidor=Servidor ERP - MySAAS database=nfe_formular
[24-Mar-2026 01:15:31 UTC] CONSULTAR_NOTAS verificando servidor=Servidor ERP - MySAAS database=nfe_gigtek
[24-Mar-2026 01:15:32 UTC] CONSULTAR_NOTAS verificando servidor=Servidor ERP - MySAAS database=nfe_maluicc
[24-Mar-2026 01:15:32 UTC] CONSULTAR_NOTAS verificando servidor=Servidor ERP - MySAAS database=nfe_maluifc
[24-Mar-2026 01:15:32 UTC] CONSULTAR_NOTAS verificando servidor=Servidor ERP - MySAAS database=nfe_maluims
[24-Mar-2026 01:15:33 UTC] CONSULTAR_NOTAS verificando servidor=Servidor ERP - MySAAS database=nfe_maluipg
[24-Mar-2026 01:15:33 UTC] CONSULTAR_NOTAS verificando servidor=Servidor ERP - MySAAS database=nfe_maluiro
[24-Mar-2026 01:15:33 UTC] CONSULTAR_NOTAS verificando servidor=Servidor ERP - MySAAS database=nfe_monte_verde
[24-Mar-2026 01:15:34 UTC] CONSULTAR_NOTAS verificando servidor=Servidor ERP - MySAAS database=nfe_pedaserra
[24-Mar-2026 01:15:34 UTC] CONSULTAR_NOTAS verificando servidor=Servidor ERP - MySAAS database=nfe_perola
[24-Mar-2026 01:15:34 UTC] CONSULTAR_NOTAS verificando servidor=Servidor ERP - MySAAS database=nfe_pontovip
[24-Mar-2026 01:15:34 UTC] CONSULTAR_NOTAS verificando servidor=Servidor ERP - MySAAS database=nfe_qb
[24-Mar-2026 01:15:35 UTC] CONSULTAR_NOTAS verificando servidor=Servidor ERP - MySAAS database=nfe_richter
[24-Mar-2026 01:15:35 UTC] CONSULTAR_NOTAS verificando servidor=Servidor ERP - MySAAS database=nfe_richter_notas
[24-Mar-2026 01:15:35 UTC] CONSULTAR_NOTAS verificando servidor=Servidor ERP - MySAAS database=nfe_rs
[24-Mar-2026 01:15:36 UTC] CONSULTAR_NOTAS verificando servidor=Servidor ERP - MySAAS database=nfe_saojose
[24-Mar-2026 01:15:36 UTC] CONSULTAR_NOTAS verificando servidor=Servidor ERP - MySAAS database=nfe_serra
[24-Mar-2026 01:15:36 UTC] CONSULTAR_NOTAS verificando servidor=Servidor ERP - MySAAS database=nfe_studiomy
[24-Mar-2026 01:15:37 UTC] CONSULTAR_NOTAS verificando servidor=Servidor ERP - MySAAS database=nfe_titaduarte
[24-Mar-2026 01:15:37 UTC] CONSULTAR_NOTAS verificando servidor=Servidor ERP - MySAAS database=performance_schema
[24-Mar-2026 01:15:37 UTC] CONSULTAR_NOTAS verificando servidor=Servidor ERP - MySAAS database=perola
[24-Mar-2026 01:15:38 UTC] CONSULTAR_NOTAS verificando servidor=Servidor ERP - MySAAS database=posto_didio
[24-Mar-2026 01:15:38 UTC] CONSULTAR_NOTAS verificando servidor=Servidor ERP - MySAAS database=posto_geometrica
[24-Mar-2026 01:15:39 UTC] CONSULTAR_NOTAS verificando servidor=Servidor ERP - MySAAS database=posto_pelanda16
[24-Mar-2026 01:15:39 UTC] CONSULTAR_NOTAS verificando servidor=Servidor ERP - MySAAS database=rest_bandeirantes
[24-Mar-2026 01:15:40 UTC] CONSULTAR_NOTAS verificando servidor=Servidor ERP - MySAAS database=rest_cupim
[24-Mar-2026 01:15:40 UTC] CONSULTAR_NOTAS verificando servidor=Servidor ERP - MySAAS database=rest_ivankio
[24-Mar-2026 01:15:41 UTC] CONSULTAR_NOTAS verificando servidor=Servidor ERP - MySAAS database=rest_ivankio_notas
[24-Mar-2026 01:15:41 UTC] CONSULTAR_NOTAS verificando servidor=Servidor ERP - MySAAS database=serra_azul
[24-Mar-2026 01:15:42 UTC] CONSULTAR_NOTAS verificando servidor=Servidor ERP - MySAAS database=sga
[24-Mar-2026 01:15:42 UTC] CONSULTAR_NOTAS verificando servidor=Servidor ERP - MySAAS database=sga_old
[24-Mar-2026 01:15:43 UTC] CONSULTAR_NOTAS verificando servidor=Servidor ERP - MySAAS database=sys
[24-Mar-2026 01:15:43 UTC] CONSULTAR_NOTAS verificando servidor=Servidor ERP - MySAAS database=test
[24-Mar-2026 01:15:43 UTC] CONSULTAR_NOTAS verificando servidor=Servidor ERP - MySAAS database=teste_pelanda
[24-Mar-2026 01:15:44 UTC] CONSULTAR_NOTAS resultado servidor=Servidor ERP - MySAAS database=teste_pelanda quantidade=1
[24-Mar-2026 01:15:44 UTC] CONSULTAR_NOTAS verificando servidor=Servidor ERP - MySAAS database=tmp
[24-Mar-2026 01:15:44 UTC] CONSULTAR_NOTAS conectando servidor=Servidor ERP - Postos host=mysaas.com.br porta=3307
[24-Mar-2026 01:15:45 UTC] CONSULTAR_NOTAS verificando servidor=Servidor ERP - Postos database=information_schema
[24-Mar-2026 01:15:45 UTC] CONSULTAR_NOTAS verificando servidor=Servidor ERP - Postos database=ass_dinossauro
[24-Mar-2026 01:15:46 UTC] CONSULTAR_NOTAS verificando servidor=Servidor ERP - Postos database=ass_estreladaserra
[24-Mar-2026 01:15:46 UTC] CONSULTAR_NOTAS verificando servidor=Servidor ERP - Postos database=ass_milchesky
[24-Mar-2026 01:15:46 UTC] CONSULTAR_NOTAS verificando servidor=Servidor ERP - Postos database=ass_pelanda22
[24-Mar-2026 01:15:47 UTC] CONSULTAR_NOTAS verificando servidor=Servidor ERP - Postos database=ass_represa
[24-Mar-2026 01:15:47 UTC] CONSULTAR_NOTAS verificando servidor=Servidor ERP - Postos database=ass_tiozico
[24-Mar-2026 01:15:47 UTC] CONSULTAR_NOTAS verificando servidor=Servidor ERP - Postos database=atualizador
[24-Mar-2026 01:15:47 UTC] CONSULTAR_NOTAS verificando servidor=Servidor ERP - Postos database=dw_dinossauro
[24-Mar-2026 01:15:48 UTC] CONSULTAR_NOTAS verificando servidor=Servidor ERP - Postos database=dw_mahle
[24-Mar-2026 01:15:48 UTC] CONSULTAR_NOTAS verificando servidor=Servidor ERP - Postos database=dw_milchesky
[24-Mar-2026 01:15:48 UTC] CONSULTAR_NOTAS verificando servidor=Servidor ERP - Postos database=dw_passarela
[24-Mar-2026 01:15:49 UTC] CONSULTAR_NOTAS verificando servidor=Servidor ERP - Postos database=dw_pelanda16
[24-Mar-2026 01:15:49 UTC] CONSULTAR_NOTAS verificando servidor=Servidor ERP - Postos database=dw_pelanda22
[24-Mar-2026 01:15:49 UTC] CONSULTAR_NOTAS verificando servidor=Servidor ERP - Postos database=dw_tio_zico
[24-Mar-2026 01:15:50 UTC] CONSULTAR_NOTAS verificando servidor=Servidor ERP - Postos database=erp_canani
[24-Mar-2026 01:15:50 UTC] CONSULTAR_NOTAS verificando servidor=Servidor ERP - Postos database=erp_canani_notas
[24-Mar-2026 01:15:51 UTC] CONSULTAR_NOTAS verificando servidor=Servidor ERP - Postos database=erp_developer
[24-Mar-2026 01:15:51 UTC] CONSULTAR_NOTAS verificando servidor=Servidor ERP - Postos database=erp_dino
[24-Mar-2026 01:15:52 UTC] CONSULTAR_NOTAS verificando servidor=Servidor ERP - Postos database=erp_km42
[24-Mar-2026 01:15:53 UTC] CONSULTAR_NOTAS resultado servidor=Servidor ERP - Postos database=erp_km42 quantidade=1
[24-Mar-2026 01:15:53 UTC] CONSULTAR_NOTAS verificando servidor=Servidor ERP - Postos database=erp_stilo
[24-Mar-2026 01:15:53 UTC] CONSULTAR_NOTAS verificando servidor=Servidor ERP - Postos database=erp_stilo_notas
[24-Mar-2026 01:15:54 UTC] CONSULTAR_NOTAS verificando servidor=Servidor ERP - Postos database=erp_tiozico
[24-Mar-2026 01:15:55 UTC] CONSULTAR_NOTAS resultado servidor=Servidor ERP - Postos database=erp_tiozico quantidade=9
[24-Mar-2026 01:15:55 UTC] CONSULTAR_NOTAS verificando servidor=Servidor ERP - Postos database=erp_tiozico_notas
[24-Mar-2026 01:15:55 UTC] CONSULTAR_NOTAS verificando servidor=Servidor ERP - Postos database=lixo
[24-Mar-2026 01:15:56 UTC] CONSULTAR_NOTAS verificando servidor=Servidor ERP - Postos database=log_didio
[24-Mar-2026 01:15:56 UTC] CONSULTAR_NOTAS verificando servidor=Servidor ERP - Postos database=log_estreladaserra
[24-Mar-2026 01:15:56 UTC] CONSULTAR_NOTAS verificando servidor=Servidor ERP - Postos database=log_geometrica
[24-Mar-2026 01:15:57 UTC] CONSULTAR_NOTAS verificando servidor=Servidor ERP - Postos database=log_km42
[24-Mar-2026 01:15:57 UTC] CONSULTAR_NOTAS verificando servidor=Servidor ERP - Postos database=log_mahle
[24-Mar-2026 01:15:57 UTC] CONSULTAR_NOTAS verificando servidor=Servidor ERP - Postos database=log_milchesky
[24-Mar-2026 01:15:57 UTC] CONSULTAR_NOTAS verificando servidor=Servidor ERP - Postos database=log_palhoca
[24-Mar-2026 01:15:58 UTC] CONSULTAR_NOTAS verificando servidor=Servidor ERP - Postos database=log_rest_bandeirantes
[24-Mar-2026 01:15:58 UTC] CONSULTAR_NOTAS verificando servidor=Servidor ERP - Postos database=log_rest_cupim
[24-Mar-2026 01:15:58 UTC] CONSULTAR_NOTAS verificando servidor=Servidor ERP - Postos database=log_rest_estreladaserra
[24-Mar-2026 01:15:59 UTC] CONSULTAR_NOTAS verificando servidor=Servidor ERP - Postos database=logs
[24-Mar-2026 01:15:59 UTC] CONSULTAR_NOTAS verificando servidor=Servidor ERP - Postos database=mysoft
[24-Mar-2026 01:15:59 UTC] CONSULTAR_NOTAS verificando servidor=Servidor ERP - Postos database=mysoft_emissor
[24-Mar-2026 01:16:00 UTC] CONSULTAR_NOTAS verificando servidor=Servidor ERP - Postos database=mysoft_logs
[24-Mar-2026 01:16:00 UTC] CONSULTAR_NOTAS verificando servidor=Servidor ERP - Postos database=mysql
[24-Mar-2026 01:16:00 UTC] CONSULTAR_NOTAS verificando servidor=Servidor ERP - Postos database=nfe_baseaerea
[24-Mar-2026 01:16:01 UTC] CONSULTAR_NOTAS verificando servidor=Servidor ERP - Postos database=nfe_didio
[24-Mar-2026 01:16:01 UTC] CONSULTAR_NOTAS verificando servidor=Servidor ERP - Postos database=nfe_estreladaserra
[24-Mar-2026 01:16:01 UTC] CONSULTAR_NOTAS verificando servidor=Servidor ERP - Postos database=nfe_geometrica
[24-Mar-2026 01:16:01 UTC] CONSULTAR_NOTAS verificando servidor=Servidor ERP - Postos database=nfe_iguacu
[24-Mar-2026 01:16:02 UTC] CONSULTAR_NOTAS verificando servidor=Servidor ERP - Postos database=nfe_interposto
[24-Mar-2026 01:16:02 UTC] CONSULTAR_NOTAS verificando servidor=Servidor ERP - Postos database=nfe_joseluiz
[24-Mar-2026 01:16:02 UTC] CONSULTAR_NOTAS verificando servidor=Servidor ERP - Postos database=nfe_km42
[24-Mar-2026 01:16:03 UTC] CONSULTAR_NOTAS verificando servidor=Servidor ERP - Postos database=nfe_mahle
[24-Mar-2026 01:16:03 UTC] CONSULTAR_NOTAS verificando servidor=Servidor ERP - Postos database=nfe_milchesky
[24-Mar-2026 01:16:03 UTC] CONSULTAR_NOTAS verificando servidor=Servidor ERP - Postos database=nfe_nuele
[24-Mar-2026 01:16:04 UTC] CONSULTAR_NOTAS verificando servidor=Servidor ERP - Postos database=nfe_palhoca
[24-Mar-2026 01:16:04 UTC] CONSULTAR_NOTAS verificando servidor=Servidor ERP - Postos database=nfe_pelanda16
[24-Mar-2026 01:16:04 UTC] CONSULTAR_NOTAS verificando servidor=Servidor ERP - Postos database=nfe_pelanda22
[24-Mar-2026 01:16:05 UTC] CONSULTAR_NOTAS verificando servidor=Servidor ERP - Postos database=nfe_piegel
[24-Mar-2026 01:16:05 UTC] CONSULTAR_NOTAS verificando servidor=Servidor ERP - Postos database=nfe_praiamansa
[24-Mar-2026 01:16:05 UTC] CONSULTAR_NOTAS verificando servidor=Servidor ERP - Postos database=nfe_represa
[24-Mar-2026 01:16:06 UTC] CONSULTAR_NOTAS verificando servidor=Servidor ERP - Postos database=nfe_rest_bandeirantes
[24-Mar-2026 01:16:06 UTC] CONSULTAR_NOTAS verificando servidor=Servidor ERP - Postos database=nfe_rest_cupim
[24-Mar-2026 01:16:06 UTC] CONSULTAR_NOTAS verificando servidor=Servidor ERP - Postos database=nfe_rest_estreladaserra
[24-Mar-2026 01:16:06 UTC] CONSULTAR_NOTAS verificando servidor=Servidor ERP - Postos database=nfe_restrepresa
[24-Mar-2026 01:16:07 UTC] CONSULTAR_NOTAS verificando servidor=Servidor ERP - Postos database=nfe_saoluiz
[24-Mar-2026 01:16:07 UTC] CONSULTAR_NOTAS verificando servidor=Servidor ERP - Postos database=nfe_stilo_notas
[24-Mar-2026 01:16:07 UTC] CONSULTAR_NOTAS verificando servidor=Servidor ERP - Postos database=nfe_texano
[24-Mar-2026 01:16:08 UTC] CONSULTAR_NOTAS verificando servidor=Servidor ERP - Postos database=nfe_tiozico
[24-Mar-2026 01:16:08 UTC] CONSULTAR_NOTAS verificando servidor=Servidor ERP - Postos database=nfe_trevo
[24-Mar-2026 01:16:08 UTC] CONSULTAR_NOTAS verificando servidor=Servidor ERP - Postos database=performance_schema
[24-Mar-2026 01:16:09 UTC] CONSULTAR_NOTAS verificando servidor=Servidor ERP - Postos database=posto_baseaerea
[24-Mar-2026 01:16:11 UTC] CONSULTAR_NOTAS verificando servidor=Servidor ERP - Postos database=posto_borsatto
[24-Mar-2026 01:16:12 UTC] CONSULTAR_NOTAS verificando servidor=Servidor ERP - Postos database=posto_borsatto_notas
[24-Mar-2026 01:16:12 UTC] CONSULTAR_NOTAS verificando servidor=Servidor ERP - Postos database=posto_didio
[24-Mar-2026 01:16:16 UTC] CONSULTAR_NOTAS resultado servidor=Servidor ERP - Postos database=posto_didio quantidade=4
[24-Mar-2026 01:16:16 UTC] CONSULTAR_NOTAS verificando servidor=Servidor ERP - Postos database=posto_dinossauro
[24-Mar-2026 01:16:16 UTC] CONSULTAR_NOTAS resultado servidor=Servidor ERP - Postos database=posto_dinossauro quantidade=95
[24-Mar-2026 01:16:16 UTC] CONSULTAR_NOTAS verificando servidor=Servidor ERP - Postos database=posto_estreladaserra
[24-Mar-2026 01:16:17 UTC] CONSULTAR_NOTAS resultado servidor=Servidor ERP - Postos database=posto_estreladaserra quantidade=1
[24-Mar-2026 01:16:17 UTC] CONSULTAR_NOTAS verificando servidor=Servidor ERP - Postos database=posto_geometrica
[24-Mar-2026 01:16:18 UTC] CONSULTAR_NOTAS resultado servidor=Servidor ERP - Postos database=posto_geometrica quantidade=35
[24-Mar-2026 01:16:18 UTC] CONSULTAR_NOTAS verificando servidor=Servidor ERP - Postos database=posto_iguacu
[24-Mar-2026 01:16:21 UTC] CONSULTAR_NOTAS verificando servidor=Servidor ERP - Postos database=posto_interposto
[24-Mar-2026 01:16:21 UTC] CONSULTAR_NOTAS verificando servidor=Servidor ERP - Postos database=posto_joseluiz
[24-Mar-2026 01:16:22 UTC] CONSULTAR_NOTAS verificando servidor=Servidor ERP - Postos database=posto_mahle
[24-Mar-2026 01:16:23 UTC] CONSULTAR_NOTAS verificando servidor=Servidor ERP - Postos database=posto_metropole
[24-Mar-2026 01:16:24 UTC] CONSULTAR_NOTAS verificando servidor=Servidor ERP - Postos database=posto_milchesky
[24-Mar-2026 01:16:24 UTC] CONSULTAR_NOTAS resultado servidor=Servidor ERP - Postos database=posto_milchesky quantidade=5
[24-Mar-2026 01:16:24 UTC] CONSULTAR_NOTAS verificando servidor=Servidor ERP - Postos database=posto_nuele
[24-Mar-2026 01:16:25 UTC] CONSULTAR_NOTAS verificando servidor=Servidor ERP - Postos database=posto_pelanda16
[24-Mar-2026 01:16:32 UTC] CONSULTAR_NOTAS resultado servidor=Servidor ERP - Postos database=posto_pelanda16 quantidade=3
[24-Mar-2026 01:16:32 UTC] CONSULTAR_NOTAS verificando servidor=Servidor ERP - Postos database=posto_pelanda22
[24-Mar-2026 01:16:46 UTC] CONSULTAR_NOTAS resultado servidor=Servidor ERP - Postos database=posto_pelanda22 quantidade=61
[24-Mar-2026 01:16:46 UTC] CONSULTAR_NOTAS verificando servidor=Servidor ERP - Postos database=posto_piegel
[24-Mar-2026 01:16:47 UTC] CONSULTAR_NOTAS verificando servidor=Servidor ERP - Postos database=posto_praiamansa
[24-Mar-2026 01:16:48 UTC] CONSULTAR_NOTAS verificando servidor=Servidor ERP - Postos database=posto_represa
[24-Mar-2026 01:16:49 UTC] CONSULTAR_NOTAS resultado servidor=Servidor ERP - Postos database=posto_represa quantidade=5
[24-Mar-2026 01:16:49 UTC] CONSULTAR_NOTAS verificando servidor=Servidor ERP - Postos database=posto_saltinho
[24-Mar-2026 01:16:49 UTC] CONSULTAR_NOTAS verificando servidor=Servidor ERP - Postos database=posto_texano
[24-Mar-2026 01:16:50 UTC] CONSULTAR_NOTAS verificando servidor=Servidor ERP - Postos database=posto_trevo
[24-Mar-2026 01:16:51 UTC] CONSULTAR_NOTAS resultado servidor=Servidor ERP - Postos database=posto_trevo quantidade=25
[24-Mar-2026 01:16:51 UTC] CONSULTAR_NOTAS verificando servidor=Servidor ERP - Postos database=rest_bandeirantes
[24-Mar-2026 01:16:52 UTC] CONSULTAR_NOTAS resultado servidor=Servidor ERP - Postos database=rest_bandeirantes quantidade=9
[24-Mar-2026 01:16:52 UTC] CONSULTAR_NOTAS verificando servidor=Servidor ERP - Postos database=rest_borsatto
[24-Mar-2026 01:16:53 UTC] CONSULTAR_NOTAS verificando servidor=Servidor ERP - Postos database=rest_borsatto1
[24-Mar-2026 01:16:54 UTC] CONSULTAR_NOTAS verificando servidor=Servidor ERP - Postos database=rest_cupim
[24-Mar-2026 01:16:55 UTC] CONSULTAR_NOTAS verificando servidor=Servidor ERP - Postos database=rest_estreladaserra
[24-Mar-2026 01:16:55 UTC] CONSULTAR_NOTAS resultado servidor=Servidor ERP - Postos database=rest_estreladaserra quantidade=6
[24-Mar-2026 01:16:55 UTC] CONSULTAR_NOTAS verificando servidor=Servidor ERP - Postos database=rest_palhoca
[24-Mar-2026 01:16:56 UTC] CONSULTAR_NOTAS resultado servidor=Servidor ERP - Postos database=rest_palhoca quantidade=4
[24-Mar-2026 01:16:56 UTC] CONSULTAR_NOTAS verificando servidor=Servidor ERP - Postos database=rest_represa
[24-Mar-2026 01:16:57 UTC] CONSULTAR_NOTAS verificando servidor=Servidor ERP - Postos database=rest_texano
[24-Mar-2026 01:16:58 UTC] CONSULTAR_NOTAS verificando servidor=Servidor ERP - Postos database=tmp
[24-Mar-2026 01:16:58 UTC] CONSULTAR_NOTAS conectando servidor=Servidor Pelanda - Escritorio host=10.8.0.30 porta=3306
[24-Mar-2026 01:16:59 UTC] CONSULTAR_NOTAS verificando servidor=Servidor Pelanda - Escritorio database=information_schema
[24-Mar-2026 01:16:59 UTC] CONSULTAR_NOTAS verificando servidor=Servidor Pelanda - Escritorio database=ass_pelanda
[24-Mar-2026 01:16:59 UTC] CONSULTAR_NOTAS verificando servidor=Servidor Pelanda - Escritorio database=atualizador
[24-Mar-2026 01:16:59 UTC] CONSULTAR_NOTAS verificando servidor=Servidor Pelanda - Escritorio database=chq_pelanda
[24-Mar-2026 01:16:59 UTC] CONSULTAR_NOTAS verificando servidor=Servidor Pelanda - Escritorio database=dw_pelanda
[24-Mar-2026 01:17:00 UTC] CONSULTAR_NOTAS verificando servidor=Servidor Pelanda - Escritorio database=est_pelanda
[24-Mar-2026 01:17:00 UTC] CONSULTAR_NOTAS verificando servidor=Servidor Pelanda - Escritorio database=log_pelanda
[24-Mar-2026 01:17:00 UTC] CONSULTAR_NOTAS verificando servidor=Servidor Pelanda - Escritorio database=logs
[24-Mar-2026 01:17:00 UTC] CONSULTAR_NOTAS verificando servidor=Servidor Pelanda - Escritorio database=mysoft
[24-Mar-2026 01:17:01 UTC] CONSULTAR_NOTAS verificando servidor=Servidor Pelanda - Escritorio database=mysoft_emissor
[24-Mar-2026 01:17:01 UTC] CONSULTAR_NOTAS verificando servidor=Servidor Pelanda - Escritorio database=mysoft_logs
[24-Mar-2026 01:17:01 UTC] CONSULTAR_NOTAS verificando servidor=Servidor Pelanda - Escritorio database=mysql
[24-Mar-2026 01:17:01 UTC] CONSULTAR_NOTAS verificando servidor=Servidor Pelanda - Escritorio database=nfe_pelanda
[24-Mar-2026 01:17:01 UTC] CONSULTAR_NOTAS verificando servidor=Servidor Pelanda - Escritorio database=pelanda
[24-Mar-2026 01:17:08 UTC] CONSULTAR_NOTAS resultado servidor=Servidor Pelanda - Escritorio database=pelanda quantidade=268
[24-Mar-2026 01:17:08 UTC] CONSULTAR_NOTAS verificando servidor=Servidor Pelanda - Escritorio database=pelanda_backup
[24-Mar-2026 01:17:08 UTC] CONSULTAR_NOTAS verificando servidor=Servidor Pelanda - Escritorio database=pelanda_teste
[24-Mar-2026 01:17:09 UTC] CONSULTAR_NOTAS verificando servidor=Servidor Pelanda - Escritorio database=performance_schema
[24-Mar-2026 01:17:09 UTC] CONSULTAR_NOTAS verificando servidor=Servidor Pelanda - Escritorio database=test
[24-Mar-2026 01:17:09 UTC] CONSULTAR_NOTAS verificando servidor=Servidor Pelanda - Escritorio database=tmp
[24-Mar-2026 01:17:09 UTC] CONSULTAR_NOTAS conectando servidor=Servidor Mahle - Posto host=10.8.0.195 porta=3306
[24-Mar-2026 01:17:10 UTC] CONSULTAR_NOTAS verificando servidor=Servidor Mahle - Posto database=information_schema
[24-Mar-2026 01:17:10 UTC] CONSULTAR_NOTAS verificando servidor=Servidor Mahle - Posto database=atualizador
[24-Mar-2026 01:17:10 UTC] CONSULTAR_NOTAS verificando servidor=Servidor Mahle - Posto database=catraca
[24-Mar-2026 01:17:10 UTC] CONSULTAR_NOTAS verificando servidor=Servidor Mahle - Posto database=mysoft
[24-Mar-2026 01:17:10 UTC] CONSULTAR_NOTAS verificando servidor=Servidor Mahle - Posto database=mysoft_emissor
[24-Mar-2026 01:17:11 UTC] CONSULTAR_NOTAS verificando servidor=Servidor Mahle - Posto database=mysoft_logs
[24-Mar-2026 01:17:11 UTC] CONSULTAR_NOTAS verificando servidor=Servidor Mahle - Posto database=mysql
[24-Mar-2026 01:17:11 UTC] CONSULTAR_NOTAS verificando servidor=Servidor Mahle - Posto database=nfe_mahle
[24-Mar-2026 01:17:11 UTC] CONSULTAR_NOTAS verificando servidor=Servidor Mahle - Posto database=performance_schema
[24-Mar-2026 01:17:11 UTC] CONSULTAR_NOTAS verificando servidor=Servidor Mahle - Posto database=posto_mahle
[24-Mar-2026 01:17:12 UTC] CONSULTAR_NOTAS resultado servidor=Servidor Mahle - Posto database=posto_mahle quantidade=4
[24-Mar-2026 01:17:12 UTC] CONSULTAR_NOTAS verificando servidor=Servidor Mahle - Posto database=test
[24-Mar-2026 01:17:12 UTC] CONSULTAR_NOTAS verificando servidor=Servidor Mahle - Posto database=tmp
[24-Mar-2026 01:17:12 UTC] CONSULTAR_NOTAS finalizada bases=21 ok=158 erro=16 total=549
